INFO:root:Initializing LoginAuthService
INFO:root:Getting all JSON files from C:\Users\omery\PycharmProjects\CSE3063F24P1_GRP11\Facultys
INFO:root:Loaded dict from JSON
INFO:root:Got all JSON files from C:\Users\omery\PycharmProjects\CSE3063F24P1_GRP11\Facultys
INFO:root:Getting all JSON files from C:\Users\omery\PycharmProjects\CSE3063F24P1_GRP11\Departments
INFO:root:Loaded dict from JSON
INFO:root:Got all JSON files from C:\Users\omery\PycharmProjects\CSE3063F24P1_GRP11\Departments
INFO:root:Creating FacultyID with ID: 15, Name: eng
INFO:root:Getting all JSON files from C:\Users\omery\PycharmProjects\CSE3063F24P1_GRP11\Students
INFO:root:Loaded dict from JSON
INFO:root:Got all JSON files from C:\Users\omery\PycharmProjects\CSE3063F24P1_GRP11\Students
INFO:root:Creating FacultyID with ID: 15, Name: eng
INFO:root:Student ID created: 150022001 (Department: 150, Entrance Date: 2022, Rank: 1)
INFO:root:Creating FacultyID with ID: 15, Name: eng
INFO:root:Student ID created: 150022001 (Department: 150, Entrance Date: 2022, Rank: 1)
INFO:root:Transcript created for student ID: 150022001
INFO:root:Adding courses to transcript for student ID: 150022001. Courses: []
INFO:root:Courses added. New GPA: 0.00
INFO:pythonCode.User:StaffId initialized
INFO:pythonCode.User:Staff ID generated, Current staffIdCounter: 2
INFO:pythonCode.User:User initialized
INFO:root:Student created with ID: 150022001
INFO:root:Getting all JSON files from C:\Users\omery\PycharmProjects\CSE3063F24P1_GRP11\Advisors
INFO:root:Loaded dict from JSON
INFO:root:Got all JSON files from C:\Users\omery\PycharmProjects\CSE3063F24P1_GRP11\Advisors
INFO:User:Advisor initialized
INFO:User:Lecturer initialized
INFO:User:Staff initialized
INFO:User:User initialized
INFO:User:StaffId initialized
INFO:User:Staff ID generated, Current staffIdCounter: 2
INFO:User:StaffId initialized
INFO:User:Staff ID generated, Current staffIdCounter: 3
INFO:root:Getting all JSON files from C:\Users\omery\PycharmProjects\CSE3063F24P1_GRP11\Lecturers
INFO:root:Loaded dict from JSON
INFO:root:Got all JSON files from C:\Users\omery\PycharmProjects\CSE3063F24P1_GRP11\Lecturers
INFO:User:Lecturer initialized
INFO:User:Staff initialized
INFO:User:User initialized
INFO:User:StaffId initialized
INFO:User:Staff ID generated, Current staffIdCounter: 4
INFO:User:StaffId initialized
INFO:User:Staff ID generated, Current staffIdCounter: 5
INFO:root:Getting all JSON files from C:\Users\omery\PycharmProjects\CSE3063F24P1_GRP11\DepartmentSchedulers
INFO:root:Loaded dict from JSON
INFO:root:Got all JSON files from C:\Users\omery\PycharmProjects\CSE3063F24P1_GRP11\DepartmentSchedulers
INFO:User:DepartmentScheduler initialized
INFO:User:Staff initialized
INFO:User:User initialized
INFO:User:StaffId initialized
INFO:User:Staff ID generated, Current staffIdCounter: 6
INFO:User:StaffId initialized
INFO:User:Staff ID generated, Current staffIdCounter: 7
INFO:root:Getting all JSON files from C:\Users\omery\PycharmProjects\CSE3063F24P1_GRP11\StudentsAffairss
INFO:root:Loaded dict from JSON
INFO:root:Got all JSON files from C:\Users\omery\PycharmProjects\CSE3063F24P1_GRP11\StudentsAffairss
INFO:User:StudentsAffairs initialized
INFO:User:Staff initialized
INFO:User:User initialized
INFO:User:StaffId initialized
INFO:User:Staff ID generated, Current staffIdCounter: 8
INFO:User:StaffId initialized
INFO:User:Staff ID generated, Current staffIdCounter: 9
INFO:root:Getting all JSON files from C:\Users\omery\PycharmProjects\CSE3063F24P1_GRP11\Courses
INFO:root:Loaded dict from JSON
INFO:root:Got all JSON files from C:\Users\omery\PycharmProjects\CSE3063F24P1_GRP11\Courses
INFO:root:Creating FacultyID with ID: 15, Name: eng
INFO:User:Lecturer initialized
INFO:User:Staff initialized
INFO:User:User initialized
INFO:User:StaffId initialized
INFO:User:Staff ID generated, Current staffIdCounter: 10
INFO:User:StaffId initialized
INFO:User:Staff ID generated, Current staffIdCounter: 11
INFO:User:get_staffId called: <User.StaffId object at 0x0000019804884C80>
INFO:User:get_staffId called: 1
INFO:User:get_staffId called: <User.StaffId object at 0x0000019804884C80>
INFO:User:get_staffId called: 1
INFO:User:get_staffId called: <User.StaffId object at 0x0000019804884C20>
INFO:User:get_staffId called: 2
INFO:User:get_staffId called: <User.StaffId object at 0x0000019804884C20>
INFO:User:get_staffId called: 2
INFO:User:get_staffId called: <User.StaffId object at 0x0000019804884EC0>
INFO:User:get_staffId called: 4
INFO:User:get_staffId called: <User.StaffId object at 0x0000019804884EC0>
INFO:User:get_staffId called: 4
INFO:User:get_staffId called: <User.StaffId object at 0x0000019804884E60>
INFO:User:get_staffId called: 3
INFO:pythonCode.User:changeStaticCounter called
INFO:root:Hashing password
INFO:root:Password hashed successfully
INFO:pythonCode.User:Admin initialized
INFO:pythonCode.User:Staff initialized
INFO:pythonCode.User:User initialized
INFO:pythonCode.User:StaffId initialized
INFO:pythonCode.User:Staff ID generated, Current staffIdCounter: 5
INFO:User:get_departmentId called
INFO:User:get_departmentId called
INFO:root:Trying to log in with email: burakerol@marun.edu.tr
INFO:root:Hashing password
INFO:root:Password hashed successfully
INFO:root:No user found with email: burakerol@marun.edu.tr
INFO:root:Initializing LoginAuthService
INFO:root:Getting all JSON files from C:\Users\omery\PycharmProjects\CSE3063F24P1_GRP11\Facultys
INFO:root:Loaded dict from JSON
INFO:root:Got all JSON files from C:\Users\omery\PycharmProjects\CSE3063F24P1_GRP11\Facultys
INFO:root:Getting all JSON files from C:\Users\omery\PycharmProjects\CSE3063F24P1_GRP11\Departments
INFO:root:Loaded dict from JSON
INFO:root:Got all JSON files from C:\Users\omery\PycharmProjects\CSE3063F24P1_GRP11\Departments
INFO:root:Creating FacultyID with ID: 15, Name: eng
INFO:root:Getting all JSON files from C:\Users\omery\PycharmProjects\CSE3063F24P1_GRP11\Students
INFO:root:Loaded dict from JSON
INFO:root:Got all JSON files from C:\Users\omery\PycharmProjects\CSE3063F24P1_GRP11\Students
INFO:root:Creating FacultyID with ID: 15, Name: eng
INFO:root:Student ID created: 150022001 (Department: 150, Entrance Date: 2022, Rank: 1)
INFO:root:Creating FacultyID with ID: 15, Name: eng
INFO:root:Student ID created: 150022001 (Department: 150, Entrance Date: 2022, Rank: 1)
INFO:root:Transcript created for student ID: 150022001
INFO:root:Adding courses to transcript for student ID: 150022001. Courses: []
INFO:root:Courses added. New GPA: 0.00
INFO:pythonCode.User:StaffId initialized
INFO:pythonCode.User:Staff ID generated, Current staffIdCounter: 2
INFO:pythonCode.User:User initialized
INFO:root:Student created with ID: 150022001
INFO:root:Getting all JSON files from C:\Users\omery\PycharmProjects\CSE3063F24P1_GRP11\Advisors
INFO:root:Loaded dict from JSON
INFO:root:Got all JSON files from C:\Users\omery\PycharmProjects\CSE3063F24P1_GRP11\Advisors
INFO:User:Advisor initialized
INFO:User:Lecturer initialized
INFO:User:Staff initialized
INFO:User:User initialized
INFO:User:StaffId initialized
INFO:User:Staff ID generated, Current staffIdCounter: 2
INFO:User:StaffId initialized
INFO:User:Staff ID generated, Current staffIdCounter: 3
INFO:root:Getting all JSON files from C:\Users\omery\PycharmProjects\CSE3063F24P1_GRP11\Lecturers
INFO:root:Loaded dict from JSON
INFO:root:Got all JSON files from C:\Users\omery\PycharmProjects\CSE3063F24P1_GRP11\Lecturers
INFO:User:Lecturer initialized
INFO:User:Staff initialized
INFO:User:User initialized
INFO:User:StaffId initialized
INFO:User:Staff ID generated, Current staffIdCounter: 4
INFO:User:StaffId initialized
INFO:User:Staff ID generated, Current staffIdCounter: 5
INFO:root:Getting all JSON files from C:\Users\omery\PycharmProjects\CSE3063F24P1_GRP11\DepartmentSchedulers
INFO:root:Loaded dict from JSON
INFO:root:Got all JSON files from C:\Users\omery\PycharmProjects\CSE3063F24P1_GRP11\DepartmentSchedulers
INFO:User:DepartmentScheduler initialized
INFO:User:Staff initialized
INFO:User:User initialized
INFO:User:StaffId initialized
INFO:User:Staff ID generated, Current staffIdCounter: 6
INFO:User:StaffId initialized
INFO:User:Staff ID generated, Current staffIdCounter: 7
INFO:root:Getting all JSON files from C:\Users\omery\PycharmProjects\CSE3063F24P1_GRP11\StudentsAffairss
INFO:root:Loaded dict from JSON
INFO:root:Got all JSON files from C:\Users\omery\PycharmProjects\CSE3063F24P1_GRP11\StudentsAffairss
INFO:User:StudentsAffairs initialized
INFO:User:Staff initialized
INFO:User:User initialized
INFO:User:StaffId initialized
INFO:User:Staff ID generated, Current staffIdCounter: 8
INFO:User:StaffId initialized
INFO:User:Staff ID generated, Current staffIdCounter: 9
INFO:root:Getting all JSON files from C:\Users\omery\PycharmProjects\CSE3063F24P1_GRP11\Courses
INFO:root:Loaded dict from JSON
INFO:root:Got all JSON files from C:\Users\omery\PycharmProjects\CSE3063F24P1_GRP11\Courses
INFO:root:Creating FacultyID with ID: 15, Name: eng
INFO:User:Lecturer initialized
INFO:User:Staff initialized
INFO:User:User initialized
INFO:User:StaffId initialized
INFO:User:Staff ID generated, Current staffIdCounter: 10
INFO:User:StaffId initialized
INFO:User:Staff ID generated, Current staffIdCounter: 11
INFO:User:get_staffId called: <User.StaffId object at 0x000001F9A359AAB0>
INFO:User:get_staffId called: 1
INFO:User:get_staffId called: <User.StaffId object at 0x000001F9A359AAB0>
INFO:User:get_staffId called: 1
INFO:User:get_staffId called: <User.StaffId object at 0x000001F9A192D760>
INFO:User:get_staffId called: 2
INFO:User:get_staffId called: <User.StaffId object at 0x000001F9A192D760>
INFO:User:get_staffId called: 2
INFO:User:get_staffId called: <User.StaffId object at 0x000001F9A1A8D490>
INFO:User:get_staffId called: 4
INFO:User:get_staffId called: <User.StaffId object at 0x000001F9A1A8D490>
INFO:User:get_staffId called: 4
INFO:User:get_staffId called: <User.StaffId object at 0x000001F9A37808C0>
INFO:User:get_staffId called: 3
INFO:pythonCode.User:changeStaticCounter called
INFO:root:Hashing password
INFO:root:Password hashed successfully
INFO:pythonCode.User:Admin initialized
INFO:pythonCode.User:Staff initialized
INFO:pythonCode.User:User initialized
INFO:pythonCode.User:StaffId initialized
INFO:pythonCode.User:Staff ID generated, Current staffIdCounter: 5
INFO:User:get_departmentId called
INFO:User:get_departmentId called
INFO:root:Initializing LoginAuthService
INFO:root:Getting all JSON files from C:\Users\omery\PycharmProjects\CSE3063F24P1_GRP11\Facultys
INFO:root:Loaded dict from JSON
INFO:root:Got all JSON files from C:\Users\omery\PycharmProjects\CSE3063F24P1_GRP11\Facultys
INFO:root:Getting all JSON files from C:\Users\omery\PycharmProjects\CSE3063F24P1_GRP11\Departments
INFO:root:Loaded dict from JSON
INFO:root:Got all JSON files from C:\Users\omery\PycharmProjects\CSE3063F24P1_GRP11\Departments
INFO:root:Creating FacultyID with ID: 15, Name: eng
INFO:root:Getting all JSON files from C:\Users\omery\PycharmProjects\CSE3063F24P1_GRP11\Students
INFO:root:Loaded dict from JSON
INFO:root:Got all JSON files from C:\Users\omery\PycharmProjects\CSE3063F24P1_GRP11\Students
INFO:root:Creating FacultyID with ID: 15, Name: eng
INFO:root:Student ID created: 150022001 (Department: 150, Entrance Date: 2022, Rank: 1)
INFO:root:Creating FacultyID with ID: 15, Name: eng
INFO:root:Student ID created: 150022001 (Department: 150, Entrance Date: 2022, Rank: 1)
INFO:root:Transcript created for student ID: 150022001
INFO:root:Adding courses to transcript for student ID: 150022001. Courses: []
INFO:root:Courses added. New GPA: 0.00
INFO:pythonCode.User:StaffId initialized
INFO:pythonCode.User:Staff ID generated, Current staffIdCounter: 2
INFO:pythonCode.User:User initialized
INFO:root:Student created with ID: 150022001
INFO:root:Getting all JSON files from C:\Users\omery\PycharmProjects\CSE3063F24P1_GRP11\Advisors
INFO:root:Loaded dict from JSON
INFO:root:Got all JSON files from C:\Users\omery\PycharmProjects\CSE3063F24P1_GRP11\Advisors
INFO:User:Advisor initialized
INFO:User:Lecturer initialized
INFO:User:Staff initialized
INFO:User:User initialized
INFO:User:StaffId initialized
INFO:User:Staff ID generated, Current staffIdCounter: 2
INFO:User:StaffId initialized
INFO:User:Staff ID generated, Current staffIdCounter: 3
INFO:root:Getting all JSON files from C:\Users\omery\PycharmProjects\CSE3063F24P1_GRP11\Lecturers
INFO:root:Loaded dict from JSON
INFO:root:Got all JSON files from C:\Users\omery\PycharmProjects\CSE3063F24P1_GRP11\Lecturers
INFO:User:Lecturer initialized
INFO:User:Staff initialized
INFO:User:User initialized
INFO:User:StaffId initialized
INFO:User:Staff ID generated, Current staffIdCounter: 4
INFO:User:StaffId initialized
INFO:User:Staff ID generated, Current staffIdCounter: 5
INFO:root:Getting all JSON files from C:\Users\omery\PycharmProjects\CSE3063F24P1_GRP11\DepartmentSchedulers
INFO:root:Loaded dict from JSON
INFO:root:Got all JSON files from C:\Users\omery\PycharmProjects\CSE3063F24P1_GRP11\DepartmentSchedulers
INFO:User:DepartmentScheduler initialized
INFO:User:Staff initialized
INFO:User:User initialized
INFO:User:StaffId initialized
INFO:User:Staff ID generated, Current staffIdCounter: 6
INFO:User:StaffId initialized
INFO:User:Staff ID generated, Current staffIdCounter: 7
INFO:root:Getting all JSON files from C:\Users\omery\PycharmProjects\CSE3063F24P1_GRP11\StudentsAffairss
INFO:root:Loaded dict from JSON
INFO:root:Got all JSON files from C:\Users\omery\PycharmProjects\CSE3063F24P1_GRP11\StudentsAffairss
INFO:User:StudentsAffairs initialized
INFO:User:Staff initialized
INFO:User:User initialized
INFO:User:StaffId initialized
INFO:User:Staff ID generated, Current staffIdCounter: 8
INFO:User:StaffId initialized
INFO:User:Staff ID generated, Current staffIdCounter: 9
INFO:root:Getting all JSON files from C:\Users\omery\PycharmProjects\CSE3063F24P1_GRP11\Courses
INFO:root:Loaded dict from JSON
INFO:root:Got all JSON files from C:\Users\omery\PycharmProjects\CSE3063F24P1_GRP11\Courses
INFO:root:Creating FacultyID with ID: 15, Name: eng
INFO:User:Lecturer initialized
INFO:User:Staff initialized
INFO:User:User initialized
INFO:User:StaffId initialized
INFO:User:Staff ID generated, Current staffIdCounter: 10
INFO:User:StaffId initialized
INFO:User:Staff ID generated, Current staffIdCounter: 11
INFO:User:get_staffId called: <User.StaffId object at 0x0000022E71A84D40>
INFO:User:get_staffId called: 1
INFO:User:get_staffId called: <User.StaffId object at 0x0000022E71A84D40>
INFO:User:get_staffId called: 1
INFO:User:get_staffId called: <User.StaffId object at 0x0000022E71A84E90>
INFO:User:get_staffId called: 2
INFO:User:get_staffId called: <User.StaffId object at 0x0000022E71A84E90>
INFO:User:get_staffId called: 2
INFO:User:get_staffId called: <User.StaffId object at 0x0000022E71A84FE0>
INFO:User:get_staffId called: 4
INFO:User:get_staffId called: <User.StaffId object at 0x0000022E71A84FE0>
INFO:User:get_staffId called: 4
INFO:User:get_staffId called: <User.StaffId object at 0x0000022E71A84F80>
INFO:User:get_staffId called: 3
INFO:pythonCode.User:changeStaticCounter called
INFO:root:Hashing password
INFO:root:Password hashed successfully
INFO:pythonCode.User:Admin initialized
INFO:pythonCode.User:Staff initialized
INFO:pythonCode.User:User initialized
INFO:pythonCode.User:StaffId initialized
INFO:pythonCode.User:Staff ID generated, Current staffIdCounter: 5
INFO:User:get_departmentId called
INFO:User:get_departmentId called
INFO:root:Trying to log in with email: burakerol@marun.edu.tr
INFO:root:Hashing password
INFO:root:Password hashed successfully
INFO:root:No user found with email: burakerol@marun.edu.tr
INFO:root:Initializing LoginAuthService
INFO:root:Getting all JSON files from C:\Users\omery\PycharmProjects\CSE3063F24P1_GRP11\Facultys
INFO:root:Loaded dict from JSON
INFO:root:Got all JSON files from C:\Users\omery\PycharmProjects\CSE3063F24P1_GRP11\Facultys
INFO:root:Getting all JSON files from C:\Users\omery\PycharmProjects\CSE3063F24P1_GRP11\Departments
INFO:root:Loaded dict from JSON
INFO:root:Got all JSON files from C:\Users\omery\PycharmProjects\CSE3063F24P1_GRP11\Departments
INFO:root:Creating FacultyID with ID: 15, Name: eng
INFO:root:Getting all JSON files from C:\Users\omery\PycharmProjects\CSE3063F24P1_GRP11\Students
INFO:root:Loaded dict from JSON
INFO:root:Got all JSON files from C:\Users\omery\PycharmProjects\CSE3063F24P1_GRP11\Students
INFO:root:Creating FacultyID with ID: 15, Name: eng
INFO:root:Student ID created: 150022001 (Department: 150, Entrance Date: 2022, Rank: 1)
INFO:root:Creating FacultyID with ID: 15, Name: eng
INFO:root:Student ID created: 150022001 (Department: 150, Entrance Date: 2022, Rank: 1)
INFO:root:Transcript created for student ID: 150022001
INFO:root:Adding courses to transcript for student ID: 150022001. Courses: []
INFO:root:Courses added. New GPA: 0.00
INFO:pythonCode.User:StaffId initialized
INFO:pythonCode.User:Staff ID generated, Current staffIdCounter: 2
INFO:pythonCode.User:User initialized
INFO:root:Student created with ID: 150022001
INFO:root:Getting all JSON files from C:\Users\omery\PycharmProjects\CSE3063F24P1_GRP11\Advisors
INFO:root:Loaded dict from JSON
INFO:root:Got all JSON files from C:\Users\omery\PycharmProjects\CSE3063F24P1_GRP11\Advisors
INFO:User:Advisor initialized
INFO:User:Lecturer initialized
INFO:User:Staff initialized
INFO:User:User initialized
INFO:User:StaffId initialized
INFO:User:Staff ID generated, Current staffIdCounter: 2
INFO:User:StaffId initialized
INFO:User:Staff ID generated, Current staffIdCounter: 3
INFO:root:Getting all JSON files from C:\Users\omery\PycharmProjects\CSE3063F24P1_GRP11\Lecturers
INFO:root:Loaded dict from JSON
INFO:root:Got all JSON files from C:\Users\omery\PycharmProjects\CSE3063F24P1_GRP11\Lecturers
INFO:User:Lecturer initialized
INFO:User:Staff initialized
INFO:User:User initialized
INFO:User:StaffId initialized
INFO:User:Staff ID generated, Current staffIdCounter: 4
INFO:User:StaffId initialized
INFO:User:Staff ID generated, Current staffIdCounter: 5
INFO:root:Getting all JSON files from C:\Users\omery\PycharmProjects\CSE3063F24P1_GRP11\DepartmentSchedulers
INFO:root:Loaded dict from JSON
INFO:root:Got all JSON files from C:\Users\omery\PycharmProjects\CSE3063F24P1_GRP11\DepartmentSchedulers
INFO:User:DepartmentScheduler initialized
INFO:User:Staff initialized
INFO:User:User initialized
INFO:User:StaffId initialized
INFO:User:Staff ID generated, Current staffIdCounter: 6
INFO:User:StaffId initialized
INFO:User:Staff ID generated, Current staffIdCounter: 7
INFO:root:Getting all JSON files from C:\Users\omery\PycharmProjects\CSE3063F24P1_GRP11\StudentsAffairss
INFO:root:Loaded dict from JSON
INFO:root:Got all JSON files from C:\Users\omery\PycharmProjects\CSE3063F24P1_GRP11\StudentsAffairss
INFO:User:StudentsAffairs initialized
INFO:User:Staff initialized
INFO:User:User initialized
INFO:User:StaffId initialized
INFO:User:Staff ID generated, Current staffIdCounter: 8
INFO:User:StaffId initialized
INFO:User:Staff ID generated, Current staffIdCounter: 9
INFO:root:Getting all JSON files from C:\Users\omery\PycharmProjects\CSE3063F24P1_GRP11\Courses
INFO:root:Loaded dict from JSON
INFO:root:Got all JSON files from C:\Users\omery\PycharmProjects\CSE3063F24P1_GRP11\Courses
INFO:root:Creating FacultyID with ID: 15, Name: eng
INFO:User:Lecturer initialized
INFO:User:Staff initialized
INFO:User:User initialized
INFO:User:StaffId initialized
INFO:User:Staff ID generated, Current staffIdCounter: 10
INFO:User:StaffId initialized
INFO:User:Staff ID generated, Current staffIdCounter: 11
INFO:User:get_staffId called: <User.StaffId object at 0x00000244431705C0>
INFO:User:get_staffId called: 1
INFO:User:get_staffId called: <User.StaffId object at 0x00000244431705C0>
INFO:User:get_staffId called: 1
INFO:User:get_staffId called: <User.StaffId object at 0x00000244431706E0>
INFO:User:get_staffId called: 2
INFO:User:get_staffId called: <User.StaffId object at 0x00000244431706E0>
INFO:User:get_staffId called: 2
INFO:User:get_staffId called: <User.StaffId object at 0x0000024443170800>
INFO:User:get_staffId called: 4
INFO:User:get_staffId called: <User.StaffId object at 0x0000024443170800>
INFO:User:get_staffId called: 4
INFO:User:get_staffId called: <User.StaffId object at 0x0000024443170950>
INFO:User:get_staffId called: 3
INFO:pythonCode.User:changeStaticCounter called
INFO:root:Hashing password
INFO:root:Password hashed successfully
INFO:pythonCode.User:Admin initialized
INFO:pythonCode.User:Staff initialized
INFO:pythonCode.User:User initialized
INFO:pythonCode.User:StaffId initialized
INFO:pythonCode.User:Staff ID generated, Current staffIdCounter: 5
INFO:User:get_departmentId called
INFO:User:get_departmentId called
INFO:root:Trying to log in with email: burakerol@marun.edu.tr
INFO:root:No user found with email: burakerol@marun.edu.tr
INFO:root:Initializing LoginAuthService
INFO:root:Getting all JSON files from C:\Users\omery\PycharmProjects\CSE3063F24P1_GRP11\Facultys
INFO:root:Loaded dict from JSON
INFO:root:Got all JSON files from C:\Users\omery\PycharmProjects\CSE3063F24P1_GRP11\Facultys
INFO:root:Getting all JSON files from C:\Users\omery\PycharmProjects\CSE3063F24P1_GRP11\Departments
INFO:root:Loaded dict from JSON
INFO:root:Got all JSON files from C:\Users\omery\PycharmProjects\CSE3063F24P1_GRP11\Departments
INFO:root:Creating FacultyID with ID: 15, Name: eng
INFO:root:Getting all JSON files from C:\Users\omery\PycharmProjects\CSE3063F24P1_GRP11\Students
INFO:root:Loaded dict from JSON
INFO:root:Got all JSON files from C:\Users\omery\PycharmProjects\CSE3063F24P1_GRP11\Students
INFO:root:Creating FacultyID with ID: 15, Name: eng
INFO:root:Student ID created: 150022001 (Department: 150, Entrance Date: 2022, Rank: 1)
INFO:root:Creating FacultyID with ID: 15, Name: eng
INFO:root:Student ID created: 150022001 (Department: 150, Entrance Date: 2022, Rank: 1)
INFO:root:Transcript created for student ID: 150022001
INFO:root:Adding courses to transcript for student ID: 150022001. Courses: []
INFO:root:Courses added. New GPA: 0.00
INFO:pythonCode.User:StaffId initialized
INFO:pythonCode.User:Staff ID generated, Current staffIdCounter: 2
INFO:pythonCode.User:User initialized
INFO:root:Student created with ID: 150022001
INFO:root:Getting all JSON files from C:\Users\omery\PycharmProjects\CSE3063F24P1_GRP11\Advisors
INFO:root:Loaded dict from JSON
INFO:root:Got all JSON files from C:\Users\omery\PycharmProjects\CSE3063F24P1_GRP11\Advisors
INFO:User:Advisor initialized
INFO:User:Lecturer initialized
INFO:User:Staff initialized
INFO:User:User initialized
INFO:User:StaffId initialized
INFO:User:Staff ID generated, Current staffIdCounter: 2
INFO:User:StaffId initialized
INFO:User:Staff ID generated, Current staffIdCounter: 3
INFO:root:Getting all JSON files from C:\Users\omery\PycharmProjects\CSE3063F24P1_GRP11\Lecturers
INFO:root:Loaded dict from JSON
INFO:root:Got all JSON files from C:\Users\omery\PycharmProjects\CSE3063F24P1_GRP11\Lecturers
INFO:User:Lecturer initialized
INFO:User:Staff initialized
INFO:User:User initialized
INFO:User:StaffId initialized
INFO:User:Staff ID generated, Current staffIdCounter: 4
INFO:User:StaffId initialized
INFO:User:Staff ID generated, Current staffIdCounter: 5
INFO:root:Getting all JSON files from C:\Users\omery\PycharmProjects\CSE3063F24P1_GRP11\DepartmentSchedulers
INFO:root:Loaded dict from JSON
INFO:root:Got all JSON files from C:\Users\omery\PycharmProjects\CSE3063F24P1_GRP11\DepartmentSchedulers
INFO:User:DepartmentScheduler initialized
INFO:User:Staff initialized
INFO:User:User initialized
INFO:User:StaffId initialized
INFO:User:Staff ID generated, Current staffIdCounter: 6
INFO:User:StaffId initialized
INFO:User:Staff ID generated, Current staffIdCounter: 7
INFO:root:Getting all JSON files from C:\Users\omery\PycharmProjects\CSE3063F24P1_GRP11\StudentsAffairss
INFO:root:Loaded dict from JSON
INFO:root:Got all JSON files from C:\Users\omery\PycharmProjects\CSE3063F24P1_GRP11\StudentsAffairss
INFO:User:StudentsAffairs initialized
INFO:User:Staff initialized
INFO:User:User initialized
INFO:User:StaffId initialized
INFO:User:Staff ID generated, Current staffIdCounter: 8
INFO:User:StaffId initialized
INFO:User:Staff ID generated, Current staffIdCounter: 9
INFO:root:Getting all JSON files from C:\Users\omery\PycharmProjects\CSE3063F24P1_GRP11\Courses
INFO:root:Loaded dict from JSON
INFO:root:Got all JSON files from C:\Users\omery\PycharmProjects\CSE3063F24P1_GRP11\Courses
INFO:root:Creating FacultyID with ID: 15, Name: eng
INFO:User:Lecturer initialized
INFO:User:Staff initialized
INFO:User:User initialized
INFO:User:StaffId initialized
INFO:User:Staff ID generated, Current staffIdCounter: 10
INFO:User:StaffId initialized
INFO:User:Staff ID generated, Current staffIdCounter: 11
INFO:User:get_staffId called: <User.StaffId object at 0x000001FBA6F18B90>
INFO:User:get_staffId called: 1
INFO:User:get_staffId called: <User.StaffId object at 0x000001FBA6F18B90>
INFO:User:get_staffId called: 1
INFO:User:get_staffId called: <User.StaffId object at 0x000001FBA6CAD5B0>
INFO:User:get_staffId called: 2
INFO:User:get_staffId called: <User.StaffId object at 0x000001FBA6CAD5B0>
INFO:User:get_staffId called: 2
INFO:User:get_staffId called: <User.StaffId object at 0x000001FBA6F44E60>
INFO:User:get_staffId called: 4
INFO:User:get_staffId called: <User.StaffId object at 0x000001FBA6F44E60>
INFO:User:get_staffId called: 4
INFO:User:get_staffId called: <User.StaffId object at 0x000001FBA6F44FB0>
INFO:User:get_staffId called: 3
INFO:pythonCode.User:changeStaticCounter called
INFO:root:Hashing password
INFO:root:Password hashed successfully
INFO:pythonCode.User:Admin initialized
INFO:pythonCode.User:Staff initialized
INFO:pythonCode.User:User initialized
INFO:pythonCode.User:StaffId initialized
INFO:pythonCode.User:Staff ID generated, Current staffIdCounter: 5
INFO:User:get_departmentId called
INFO:User:get_departmentId called
INFO:root:Trying to log in with email: burakerol@marun.edu.tr
INFO:root:Initializing LoginAuthService
INFO:root:Getting all JSON files from C:\Users\omery\PycharmProjects\CSE3063F24P1_GRP11\Facultys
INFO:root:Loaded dict from JSON
INFO:root:Got all JSON files from C:\Users\omery\PycharmProjects\CSE3063F24P1_GRP11\Facultys
INFO:root:Getting all JSON files from C:\Users\omery\PycharmProjects\CSE3063F24P1_GRP11\Departments
INFO:root:Loaded dict from JSON
INFO:root:Got all JSON files from C:\Users\omery\PycharmProjects\CSE3063F24P1_GRP11\Departments
INFO:root:Creating FacultyID with ID: 15, Name: eng
INFO:root:Getting all JSON files from C:\Users\omery\PycharmProjects\CSE3063F24P1_GRP11\Students
INFO:root:Loaded dict from JSON
INFO:root:Got all JSON files from C:\Users\omery\PycharmProjects\CSE3063F24P1_GRP11\Students
INFO:root:Creating FacultyID with ID: 15, Name: eng
INFO:root:Student ID created: 150022001 (Department: 150, Entrance Date: 2022, Rank: 1)
INFO:root:Creating FacultyID with ID: 15, Name: eng
INFO:root:Student ID created: 150022001 (Department: 150, Entrance Date: 2022, Rank: 1)
INFO:root:Transcript created for student ID: 150022001
INFO:root:Adding courses to transcript for student ID: 150022001. Courses: []
INFO:root:Courses added. New GPA: 0.00
INFO:pythonCode.User:StaffId initialized
INFO:pythonCode.User:Staff ID generated, Current staffIdCounter: 2
INFO:pythonCode.User:User initialized
INFO:root:Student created with ID: 150022001
INFO:root:Getting all JSON files from C:\Users\omery\PycharmProjects\CSE3063F24P1_GRP11\Advisors
INFO:root:Loaded dict from JSON
INFO:root:Got all JSON files from C:\Users\omery\PycharmProjects\CSE3063F24P1_GRP11\Advisors
INFO:User:Advisor initialized
INFO:User:Lecturer initialized
INFO:User:Staff initialized
INFO:User:User initialized
INFO:User:StaffId initialized
INFO:User:Staff ID generated, Current staffIdCounter: 2
INFO:User:StaffId initialized
INFO:User:Staff ID generated, Current staffIdCounter: 3
INFO:root:Getting all JSON files from C:\Users\omery\PycharmProjects\CSE3063F24P1_GRP11\Lecturers
INFO:root:Loaded dict from JSON
INFO:root:Got all JSON files from C:\Users\omery\PycharmProjects\CSE3063F24P1_GRP11\Lecturers
INFO:User:Lecturer initialized
INFO:User:Staff initialized
INFO:User:User initialized
INFO:User:StaffId initialized
INFO:User:Staff ID generated, Current staffIdCounter: 4
INFO:User:StaffId initialized
INFO:User:Staff ID generated, Current staffIdCounter: 5
INFO:root:Getting all JSON files from C:\Users\omery\PycharmProjects\CSE3063F24P1_GRP11\DepartmentSchedulers
INFO:root:Loaded dict from JSON
INFO:root:Got all JSON files from C:\Users\omery\PycharmProjects\CSE3063F24P1_GRP11\DepartmentSchedulers
INFO:User:DepartmentScheduler initialized
INFO:User:Staff initialized
INFO:User:User initialized
INFO:User:StaffId initialized
INFO:User:Staff ID generated, Current staffIdCounter: 6
INFO:User:StaffId initialized
INFO:User:Staff ID generated, Current staffIdCounter: 7
INFO:root:Getting all JSON files from C:\Users\omery\PycharmProjects\CSE3063F24P1_GRP11\StudentsAffairss
INFO:root:Loaded dict from JSON
INFO:root:Got all JSON files from C:\Users\omery\PycharmProjects\CSE3063F24P1_GRP11\StudentsAffairss
INFO:User:StudentsAffairs initialized
INFO:User:Staff initialized
INFO:User:User initialized
INFO:User:StaffId initialized
INFO:User:Staff ID generated, Current staffIdCounter: 8
INFO:User:StaffId initialized
INFO:User:Staff ID generated, Current staffIdCounter: 9
INFO:root:Getting all JSON files from C:\Users\omery\PycharmProjects\CSE3063F24P1_GRP11\Courses
INFO:root:Loaded dict from JSON
INFO:root:Got all JSON files from C:\Users\omery\PycharmProjects\CSE3063F24P1_GRP11\Courses
INFO:root:Creating FacultyID with ID: 15, Name: eng
INFO:User:Lecturer initialized
INFO:User:Staff initialized
INFO:User:User initialized
INFO:User:StaffId initialized
INFO:User:Staff ID generated, Current staffIdCounter: 10
INFO:User:StaffId initialized
INFO:User:Staff ID generated, Current staffIdCounter: 11
INFO:User:get_staffId called: <User.StaffId object at 0x0000016DC3890410>
INFO:User:get_staffId called: 1
INFO:User:get_staffId called: <User.StaffId object at 0x0000016DC3890410>
INFO:User:get_staffId called: 1
INFO:User:get_staffId called: <User.StaffId object at 0x0000016DC3890560>
INFO:User:get_staffId called: 2
INFO:User:get_staffId called: <User.StaffId object at 0x0000016DC3890560>
INFO:User:get_staffId called: 2
INFO:User:get_staffId called: <User.StaffId object at 0x0000016DC38906B0>
INFO:User:get_staffId called: 4
INFO:User:get_staffId called: <User.StaffId object at 0x0000016DC38906B0>
INFO:User:get_staffId called: 4
INFO:User:get_staffId called: <User.StaffId object at 0x0000016DC3890800>
INFO:User:get_staffId called: 3
INFO:pythonCode.User:changeStaticCounter called
INFO:root:Hashing password
INFO:root:Password hashed successfully
INFO:pythonCode.User:Admin initialized
INFO:pythonCode.User:Staff initialized
INFO:pythonCode.User:User initialized
INFO:pythonCode.User:StaffId initialized
INFO:pythonCode.User:Staff ID generated, Current staffIdCounter: 5
INFO:User:get_departmentId called
INFO:User:get_departmentId called
INFO:root:Trying to log in with email: burakerol@marun.edu.tr
INFO:pythonCode.User:getUserInformation called
INFO:root:Initializing LoginAuthService
INFO:root:Getting all JSON files from C:\Users\omery\PycharmProjects\CSE3063F24P1_GRP11\Facultys
INFO:root:Loaded dict from JSON
INFO:root:Got all JSON files from C:\Users\omery\PycharmProjects\CSE3063F24P1_GRP11\Facultys
INFO:root:Getting all JSON files from C:\Users\omery\PycharmProjects\CSE3063F24P1_GRP11\Departments
INFO:root:Loaded dict from JSON
INFO:root:Got all JSON files from C:\Users\omery\PycharmProjects\CSE3063F24P1_GRP11\Departments
INFO:root:Creating FacultyID with ID: 15, Name: eng
INFO:root:Getting all JSON files from C:\Users\omery\PycharmProjects\CSE3063F24P1_GRP11\Students
INFO:root:Loaded dict from JSON
INFO:root:Got all JSON files from C:\Users\omery\PycharmProjects\CSE3063F24P1_GRP11\Students
INFO:root:Creating FacultyID with ID: 15, Name: eng
INFO:root:Student ID created: 150022001 (Department: 150, Entrance Date: 2022, Rank: 1)
INFO:root:Creating FacultyID with ID: 15, Name: eng
INFO:root:Student ID created: 150022001 (Department: 150, Entrance Date: 2022, Rank: 1)
INFO:root:Transcript created for student ID: 150022001
INFO:root:Adding courses to transcript for student ID: 150022001. Courses: []
INFO:root:Courses added. New GPA: 0.00
INFO:pythonCode.User:StaffId initialized
INFO:pythonCode.User:Staff ID generated, Current staffIdCounter: 2
INFO:pythonCode.User:User initialized
INFO:root:Student created with ID: 150022001
INFO:root:Getting all JSON files from C:\Users\omery\PycharmProjects\CSE3063F24P1_GRP11\Advisors
INFO:root:Loaded dict from JSON
INFO:root:Got all JSON files from C:\Users\omery\PycharmProjects\CSE3063F24P1_GRP11\Advisors
INFO:User:Advisor initialized
INFO:User:Lecturer initialized
INFO:User:Staff initialized
INFO:User:User initialized
INFO:User:StaffId initialized
INFO:User:Staff ID generated, Current staffIdCounter: 2
INFO:User:StaffId initialized
INFO:User:Staff ID generated, Current staffIdCounter: 3
INFO:root:Getting all JSON files from C:\Users\omery\PycharmProjects\CSE3063F24P1_GRP11\Lecturers
INFO:root:Loaded dict from JSON
INFO:root:Got all JSON files from C:\Users\omery\PycharmProjects\CSE3063F24P1_GRP11\Lecturers
INFO:User:Lecturer initialized
INFO:User:Staff initialized
INFO:User:User initialized
INFO:User:StaffId initialized
INFO:User:Staff ID generated, Current staffIdCounter: 4
INFO:User:StaffId initialized
INFO:User:Staff ID generated, Current staffIdCounter: 5
INFO:root:Getting all JSON files from C:\Users\omery\PycharmProjects\CSE3063F24P1_GRP11\DepartmentSchedulers
INFO:root:Loaded dict from JSON
INFO:root:Got all JSON files from C:\Users\omery\PycharmProjects\CSE3063F24P1_GRP11\DepartmentSchedulers
INFO:User:DepartmentScheduler initialized
INFO:User:Staff initialized
INFO:User:User initialized
INFO:User:StaffId initialized
INFO:User:Staff ID generated, Current staffIdCounter: 6
INFO:User:StaffId initialized
INFO:User:Staff ID generated, Current staffIdCounter: 7
INFO:root:Getting all JSON files from C:\Users\omery\PycharmProjects\CSE3063F24P1_GRP11\StudentsAffairss
INFO:root:Loaded dict from JSON
INFO:root:Got all JSON files from C:\Users\omery\PycharmProjects\CSE3063F24P1_GRP11\StudentsAffairss
INFO:User:StudentsAffairs initialized
INFO:User:Staff initialized
INFO:User:User initialized
INFO:User:StaffId initialized
INFO:User:Staff ID generated, Current staffIdCounter: 8
INFO:User:StaffId initialized
INFO:User:Staff ID generated, Current staffIdCounter: 9
INFO:root:Getting all JSON files from C:\Users\omery\PycharmProjects\CSE3063F24P1_GRP11\Courses
INFO:root:Loaded dict from JSON
INFO:root:Got all JSON files from C:\Users\omery\PycharmProjects\CSE3063F24P1_GRP11\Courses
INFO:root:Creating FacultyID with ID: 15, Name: eng
INFO:User:Lecturer initialized
INFO:User:Staff initialized
INFO:User:User initialized
INFO:User:StaffId initialized
INFO:User:Staff ID generated, Current staffIdCounter: 10
INFO:User:StaffId initialized
INFO:User:Staff ID generated, Current staffIdCounter: 11
INFO:User:get_staffId called: <User.StaffId object at 0x00000177DC5D0410>
INFO:User:get_staffId called: 1
INFO:User:get_staffId called: <User.StaffId object at 0x00000177DC5D0410>
INFO:User:get_staffId called: 1
INFO:User:get_staffId called: <User.StaffId object at 0x00000177DC5D0560>
INFO:User:get_staffId called: 2
INFO:User:get_staffId called: <User.StaffId object at 0x00000177DC5D0560>
INFO:User:get_staffId called: 2
INFO:User:get_staffId called: <User.StaffId object at 0x00000177DC5D06B0>
INFO:User:get_staffId called: 4
INFO:User:get_staffId called: <User.StaffId object at 0x00000177DC5D06B0>
INFO:User:get_staffId called: 4
INFO:User:get_staffId called: <User.StaffId object at 0x00000177DC5D0800>
INFO:User:get_staffId called: 3
INFO:pythonCode.User:changeStaticCounter called
INFO:root:Hashing password
INFO:root:Password hashed successfully
INFO:pythonCode.User:Admin initialized
INFO:pythonCode.User:Staff initialized
INFO:pythonCode.User:User initialized
INFO:pythonCode.User:StaffId initialized
INFO:pythonCode.User:Staff ID generated, Current staffIdCounter: 5
INFO:User:get_departmentId called
INFO:User:get_departmentId called
INFO:root:Trying to log in with email: 1234
INFO:pythonCode.User:getUserInformation called
INFO:root:Checking email: burakerol@marun.edu.tr
INFO:root:Initializing LoginAuthService
INFO:root:Getting all JSON files from C:\Users\omery\PycharmProjects\CSE3063F24P1_GRP11\Facultys
INFO:root:Loaded dict from JSON
INFO:root:Got all JSON files from C:\Users\omery\PycharmProjects\CSE3063F24P1_GRP11\Facultys
INFO:root:Getting all JSON files from C:\Users\omery\PycharmProjects\CSE3063F24P1_GRP11\Departments
INFO:root:Loaded dict from JSON
INFO:root:Got all JSON files from C:\Users\omery\PycharmProjects\CSE3063F24P1_GRP11\Departments
INFO:root:Creating FacultyID with ID: 15, Name: eng
INFO:root:Getting all JSON files from C:\Users\omery\PycharmProjects\CSE3063F24P1_GRP11\Students
INFO:root:Loaded dict from JSON
INFO:root:Got all JSON files from C:\Users\omery\PycharmProjects\CSE3063F24P1_GRP11\Students
INFO:root:Creating FacultyID with ID: 15, Name: eng
INFO:root:Student ID created: 150022001 (Department: 150, Entrance Date: 2022, Rank: 1)
INFO:root:Creating FacultyID with ID: 15, Name: eng
INFO:root:Student ID created: 150022001 (Department: 150, Entrance Date: 2022, Rank: 1)
INFO:root:Transcript created for student ID: 150022001
INFO:root:Adding courses to transcript for student ID: 150022001. Courses: []
INFO:root:Courses added. New GPA: 0.00
INFO:pythonCode.User:StaffId initialized
INFO:pythonCode.User:Staff ID generated, Current staffIdCounter: 2
INFO:pythonCode.User:User initialized
INFO:root:Student created with ID: 150022001
INFO:root:Getting all JSON files from C:\Users\omery\PycharmProjects\CSE3063F24P1_GRP11\Advisors
INFO:root:Loaded dict from JSON
INFO:root:Got all JSON files from C:\Users\omery\PycharmProjects\CSE3063F24P1_GRP11\Advisors
INFO:User:Advisor initialized
INFO:User:Lecturer initialized
INFO:User:Staff initialized
INFO:User:User initialized
INFO:User:StaffId initialized
INFO:User:Staff ID generated, Current staffIdCounter: 2
INFO:User:StaffId initialized
INFO:User:Staff ID generated, Current staffIdCounter: 3
INFO:root:Getting all JSON files from C:\Users\omery\PycharmProjects\CSE3063F24P1_GRP11\Lecturers
INFO:root:Loaded dict from JSON
INFO:root:Got all JSON files from C:\Users\omery\PycharmProjects\CSE3063F24P1_GRP11\Lecturers
INFO:User:Lecturer initialized
INFO:User:Staff initialized
INFO:User:User initialized
INFO:User:StaffId initialized
INFO:User:Staff ID generated, Current staffIdCounter: 4
INFO:User:StaffId initialized
INFO:User:Staff ID generated, Current staffIdCounter: 5
INFO:root:Getting all JSON files from C:\Users\omery\PycharmProjects\CSE3063F24P1_GRP11\DepartmentSchedulers
INFO:root:Loaded dict from JSON
INFO:root:Got all JSON files from C:\Users\omery\PycharmProjects\CSE3063F24P1_GRP11\DepartmentSchedulers
INFO:User:DepartmentScheduler initialized
INFO:User:Staff initialized
INFO:User:User initialized
INFO:User:StaffId initialized
INFO:User:Staff ID generated, Current staffIdCounter: 6
INFO:User:StaffId initialized
INFO:User:Staff ID generated, Current staffIdCounter: 7
INFO:root:Getting all JSON files from C:\Users\omery\PycharmProjects\CSE3063F24P1_GRP11\StudentsAffairss
INFO:root:Loaded dict from JSON
INFO:root:Got all JSON files from C:\Users\omery\PycharmProjects\CSE3063F24P1_GRP11\StudentsAffairss
INFO:User:StudentsAffairs initialized
INFO:User:Staff initialized
INFO:User:User initialized
INFO:User:StaffId initialized
INFO:User:Staff ID generated, Current staffIdCounter: 8
INFO:User:StaffId initialized
INFO:User:Staff ID generated, Current staffIdCounter: 9
INFO:root:Getting all JSON files from C:\Users\omery\PycharmProjects\CSE3063F24P1_GRP11\Courses
INFO:root:Loaded dict from JSON
INFO:root:Got all JSON files from C:\Users\omery\PycharmProjects\CSE3063F24P1_GRP11\Courses
INFO:root:Creating FacultyID with ID: 15, Name: eng
INFO:User:Lecturer initialized
INFO:User:Staff initialized
INFO:User:User initialized
INFO:User:StaffId initialized
INFO:User:Staff ID generated, Current staffIdCounter: 10
INFO:User:StaffId initialized
INFO:User:Staff ID generated, Current staffIdCounter: 11
INFO:User:get_staffId called: <User.StaffId object at 0x00000281738ABE90>
INFO:User:get_staffId called: 1
INFO:User:get_staffId called: <User.StaffId object at 0x00000281738ABE90>
INFO:User:get_staffId called: 1
INFO:User:get_staffId called: <User.StaffId object at 0x0000028175A14CB0>
INFO:User:get_staffId called: 2
INFO:User:get_staffId called: <User.StaffId object at 0x0000028175A14CB0>
INFO:User:get_staffId called: 2
INFO:User:get_staffId called: <User.StaffId object at 0x0000028175A14DD0>
INFO:User:get_staffId called: 4
INFO:User:get_staffId called: <User.StaffId object at 0x0000028175A14DD0>
INFO:User:get_staffId called: 4
INFO:User:get_staffId called: <User.StaffId object at 0x0000028175A14F20>
INFO:User:get_staffId called: 3
INFO:pythonCode.User:changeStaticCounter called
INFO:root:Hashing password
INFO:root:Password hashed successfully
INFO:pythonCode.User:Admin initialized
INFO:pythonCode.User:Staff initialized
INFO:pythonCode.User:User initialized
INFO:pythonCode.User:StaffId initialized
INFO:pythonCode.User:Staff ID generated, Current staffIdCounter: 5
INFO:User:get_departmentId called
INFO:User:get_departmentId called
INFO:root:Trying to log in with email: burakerol@marun.edu.tr
INFO:pythonCode.User:getUserInformation called
INFO:root:Checking email: burakerol@marun.edu.tr
INFO:root:Initializing LoginAuthService
INFO:root:Getting all JSON files from C:\Users\omery\PycharmProjects\CSE3063F24P1_GRP11\Facultys
INFO:root:Loaded dict from JSON
INFO:root:Got all JSON files from C:\Users\omery\PycharmProjects\CSE3063F24P1_GRP11\Facultys
INFO:root:Getting all JSON files from C:\Users\omery\PycharmProjects\CSE3063F24P1_GRP11\Departments
INFO:root:Loaded dict from JSON
INFO:root:Got all JSON files from C:\Users\omery\PycharmProjects\CSE3063F24P1_GRP11\Departments
INFO:root:Creating FacultyID with ID: 15, Name: eng
INFO:root:Getting all JSON files from C:\Users\omery\PycharmProjects\CSE3063F24P1_GRP11\Students
INFO:root:Loaded dict from JSON
INFO:root:Got all JSON files from C:\Users\omery\PycharmProjects\CSE3063F24P1_GRP11\Students
INFO:root:Creating FacultyID with ID: 15, Name: eng
INFO:root:Student ID created: 150022001 (Department: 150, Entrance Date: 2022, Rank: 1)
INFO:root:Creating FacultyID with ID: 15, Name: eng
INFO:root:Student ID created: 150022001 (Department: 150, Entrance Date: 2022, Rank: 1)
INFO:root:Transcript created for student ID: 150022001
INFO:root:Adding courses to transcript for student ID: 150022001. Courses: []
INFO:root:Courses added. New GPA: 0.00
INFO:pythonCode.User:StaffId initialized
INFO:pythonCode.User:Staff ID generated, Current staffIdCounter: 2
INFO:pythonCode.User:User initialized
INFO:root:Student created with ID: 150022001
INFO:root:Getting all JSON files from C:\Users\omery\PycharmProjects\CSE3063F24P1_GRP11\Advisors
INFO:root:Loaded dict from JSON
INFO:root:Got all JSON files from C:\Users\omery\PycharmProjects\CSE3063F24P1_GRP11\Advisors
INFO:User:Advisor initialized
INFO:User:Lecturer initialized
INFO:User:Staff initialized
INFO:User:User initialized
INFO:User:StaffId initialized
INFO:User:Staff ID generated, Current staffIdCounter: 2
INFO:User:StaffId initialized
INFO:User:Staff ID generated, Current staffIdCounter: 3
INFO:root:Getting all JSON files from C:\Users\omery\PycharmProjects\CSE3063F24P1_GRP11\Lecturers
INFO:root:Loaded dict from JSON
INFO:root:Got all JSON files from C:\Users\omery\PycharmProjects\CSE3063F24P1_GRP11\Lecturers
INFO:User:Lecturer initialized
INFO:User:Staff initialized
INFO:User:User initialized
INFO:User:StaffId initialized
INFO:User:Staff ID generated, Current staffIdCounter: 4
INFO:User:StaffId initialized
INFO:User:Staff ID generated, Current staffIdCounter: 5
INFO:root:Getting all JSON files from C:\Users\omery\PycharmProjects\CSE3063F24P1_GRP11\DepartmentSchedulers
INFO:root:Loaded dict from JSON
INFO:root:Got all JSON files from C:\Users\omery\PycharmProjects\CSE3063F24P1_GRP11\DepartmentSchedulers
INFO:User:DepartmentScheduler initialized
INFO:User:Staff initialized
INFO:User:User initialized
INFO:User:StaffId initialized
INFO:User:Staff ID generated, Current staffIdCounter: 6
INFO:User:StaffId initialized
INFO:User:Staff ID generated, Current staffIdCounter: 7
INFO:root:Getting all JSON files from C:\Users\omery\PycharmProjects\CSE3063F24P1_GRP11\StudentsAffairss
INFO:root:Loaded dict from JSON
INFO:root:Got all JSON files from C:\Users\omery\PycharmProjects\CSE3063F24P1_GRP11\StudentsAffairss
INFO:User:StudentsAffairs initialized
INFO:User:Staff initialized
INFO:User:User initialized
INFO:User:StaffId initialized
INFO:User:Staff ID generated, Current staffIdCounter: 8
INFO:User:StaffId initialized
INFO:User:Staff ID generated, Current staffIdCounter: 9
INFO:root:Getting all JSON files from C:\Users\omery\PycharmProjects\CSE3063F24P1_GRP11\Courses
INFO:root:Loaded dict from JSON
INFO:root:Got all JSON files from C:\Users\omery\PycharmProjects\CSE3063F24P1_GRP11\Courses
INFO:root:Creating FacultyID with ID: 15, Name: eng
INFO:User:Lecturer initialized
INFO:User:Staff initialized
INFO:User:User initialized
INFO:User:StaffId initialized
INFO:User:Staff ID generated, Current staffIdCounter: 10
INFO:User:StaffId initialized
INFO:User:Staff ID generated, Current staffIdCounter: 11
INFO:User:get_staffId called: <User.StaffId object at 0x000001AA1C3703B0>
INFO:User:get_staffId called: 1
INFO:User:get_staffId called: <User.StaffId object at 0x000001AA1C3703B0>
INFO:User:get_staffId called: 1
INFO:User:get_staffId called: <User.StaffId object at 0x000001AA1C370500>
INFO:User:get_staffId called: 2
INFO:User:get_staffId called: <User.StaffId object at 0x000001AA1C370500>
INFO:User:get_staffId called: 2
INFO:User:get_staffId called: <User.StaffId object at 0x000001AA1C370650>
INFO:User:get_staffId called: 4
INFO:User:get_staffId called: <User.StaffId object at 0x000001AA1C370650>
INFO:User:get_staffId called: 4
INFO:User:get_staffId called: <User.StaffId object at 0x000001AA1C3707A0>
INFO:User:get_staffId called: 3
INFO:pythonCode.User:changeStaticCounter called
INFO:root:Hashing password
INFO:root:Password hashed successfully
INFO:pythonCode.User:Admin initialized
INFO:pythonCode.User:Staff initialized
INFO:pythonCode.User:User initialized
INFO:pythonCode.User:StaffId initialized
INFO:pythonCode.User:Staff ID generated, Current staffIdCounter: 5
INFO:User:get_departmentId called
INFO:User:get_departmentId called
INFO:root:Trying to log in with email: burakerol@marun.edu.tr
INFO:pythonCode.User:getUserInformation called
INFO:root:Checking email: burakerol@marun.edu.tr
INFO:root:Login successful for email: burakerol@marun.edu.tr
INFO:pythonCode.User:getUserInformation called
INFO:pythonCode.User:getUserInformation called
INFO:root:Initializing LoginAuthService
INFO:root:Getting all JSON files from C:\Users\omery\PycharmProjects\CSE3063F24P1_GRP11\Facultys
INFO:root:Loaded dict from JSON
INFO:root:Got all JSON files from C:\Users\omery\PycharmProjects\CSE3063F24P1_GRP11\Facultys
INFO:root:Getting all JSON files from C:\Users\omery\PycharmProjects\CSE3063F24P1_GRP11\Departments
INFO:root:Loaded dict from JSON
INFO:root:Got all JSON files from C:\Users\omery\PycharmProjects\CSE3063F24P1_GRP11\Departments
INFO:root:Creating FacultyID with ID: 15, Name: eng
INFO:root:Getting all JSON files from C:\Users\omery\PycharmProjects\CSE3063F24P1_GRP11\Students
INFO:root:Loaded dict from JSON
INFO:root:Got all JSON files from C:\Users\omery\PycharmProjects\CSE3063F24P1_GRP11\Students
INFO:root:Creating FacultyID with ID: 15, Name: eng
INFO:root:Student ID created: 150022001 (Department: 150, Entrance Date: 2022, Rank: 1)
INFO:root:Creating FacultyID with ID: 15, Name: eng
INFO:root:Student ID created: 150022001 (Department: 150, Entrance Date: 2022, Rank: 1)
INFO:root:Transcript created for student ID: 150022001
INFO:root:Adding courses to transcript for student ID: 150022001. Courses: []
INFO:root:Courses added. New GPA: 0.00
INFO:pythonCode.User:StaffId initialized
INFO:pythonCode.User:Staff ID generated, Current staffIdCounter: 2
INFO:pythonCode.User:User initialized
INFO:root:Student created with ID: 150022001
INFO:root:Getting all JSON files from C:\Users\omery\PycharmProjects\CSE3063F24P1_GRP11\Advisors
INFO:root:Loaded dict from JSON
INFO:root:Got all JSON files from C:\Users\omery\PycharmProjects\CSE3063F24P1_GRP11\Advisors
INFO:User:Advisor initialized
INFO:User:Lecturer initialized
INFO:User:Staff initialized
INFO:User:User initialized
INFO:User:StaffId initialized
INFO:User:Staff ID generated, Current staffIdCounter: 2
INFO:User:StaffId initialized
INFO:User:Staff ID generated, Current staffIdCounter: 3
INFO:root:Getting all JSON files from C:\Users\omery\PycharmProjects\CSE3063F24P1_GRP11\Lecturers
INFO:root:Loaded dict from JSON
INFO:root:Got all JSON files from C:\Users\omery\PycharmProjects\CSE3063F24P1_GRP11\Lecturers
INFO:User:Lecturer initialized
INFO:User:Staff initialized
INFO:User:User initialized
INFO:User:StaffId initialized
INFO:User:Staff ID generated, Current staffIdCounter: 4
INFO:User:StaffId initialized
INFO:User:Staff ID generated, Current staffIdCounter: 5
INFO:root:Getting all JSON files from C:\Users\omery\PycharmProjects\CSE3063F24P1_GRP11\DepartmentSchedulers
INFO:root:Loaded dict from JSON
INFO:root:Got all JSON files from C:\Users\omery\PycharmProjects\CSE3063F24P1_GRP11\DepartmentSchedulers
INFO:User:DepartmentScheduler initialized
INFO:User:Staff initialized
INFO:User:User initialized
INFO:User:StaffId initialized
INFO:User:Staff ID generated, Current staffIdCounter: 6
INFO:User:StaffId initialized
INFO:User:Staff ID generated, Current staffIdCounter: 7
INFO:root:Getting all JSON files from C:\Users\omery\PycharmProjects\CSE3063F24P1_GRP11\StudentsAffairss
INFO:root:Loaded dict from JSON
INFO:root:Got all JSON files from C:\Users\omery\PycharmProjects\CSE3063F24P1_GRP11\StudentsAffairss
INFO:User:StudentsAffairs initialized
INFO:User:Staff initialized
INFO:User:User initialized
INFO:User:StaffId initialized
INFO:User:Staff ID generated, Current staffIdCounter: 8
INFO:User:StaffId initialized
INFO:User:Staff ID generated, Current staffIdCounter: 9
INFO:root:Getting all JSON files from C:\Users\omery\PycharmProjects\CSE3063F24P1_GRP11\Courses
INFO:root:Loaded dict from JSON
INFO:root:Got all JSON files from C:\Users\omery\PycharmProjects\CSE3063F24P1_GRP11\Courses
INFO:root:Creating FacultyID with ID: 15, Name: eng
INFO:User:Lecturer initialized
INFO:User:Staff initialized
INFO:User:User initialized
INFO:User:StaffId initialized
INFO:User:Staff ID generated, Current staffIdCounter: 10
INFO:User:StaffId initialized
INFO:User:Staff ID generated, Current staffIdCounter: 11
INFO:User:get_staffId called: <User.StaffId object at 0x000002A0DF56BE90>
INFO:User:get_staffId called: 1
INFO:User:get_staffId called: <User.StaffId object at 0x000002A0DF56BE90>
INFO:User:get_staffId called: 1
INFO:User:get_staffId called: <User.StaffId object at 0x000002A0E1724CB0>
INFO:User:get_staffId called: 2
INFO:User:get_staffId called: <User.StaffId object at 0x000002A0E1724CB0>
INFO:User:get_staffId called: 2
INFO:User:get_staffId called: <User.StaffId object at 0x000002A0E1724DD0>
INFO:User:get_staffId called: 4
INFO:User:get_staffId called: <User.StaffId object at 0x000002A0E1724DD0>
INFO:User:get_staffId called: 4
INFO:User:get_staffId called: <User.StaffId object at 0x000002A0E1724F20>
INFO:User:get_staffId called: 3
INFO:pythonCode.User:changeStaticCounter called
INFO:root:Hashing password
INFO:root:Password hashed successfully
INFO:pythonCode.User:Admin initialized
INFO:pythonCode.User:Staff initialized
INFO:pythonCode.User:User initialized
INFO:pythonCode.User:StaffId initialized
INFO:pythonCode.User:Staff ID generated, Current staffIdCounter: 5
INFO:User:get_departmentId called
INFO:User:get_departmentId called
INFO:root:Trying to log in with email: burakerol@marun.edu.tr
INFO:pythonCode.User:getUserInformation called
INFO:root:Checking email: burakerol@marun.edu.tr
INFO:root:Login successful for email: burakerol@marun.edu.tr
INFO:pythonCode.User:getUserInformation called
INFO:pythonCode.User:getUserInformation called
INFO:root:Initializing LoginAuthService
INFO:root:Getting all JSON files from C:\Users\omery\PycharmProjects\CSE3063F24P1_GRP11\Facultys
INFO:root:Loaded dict from JSON
INFO:root:Got all JSON files from C:\Users\omery\PycharmProjects\CSE3063F24P1_GRP11\Facultys
INFO:root:Getting all JSON files from C:\Users\omery\PycharmProjects\CSE3063F24P1_GRP11\Departments
INFO:root:Loaded dict from JSON
INFO:root:Got all JSON files from C:\Users\omery\PycharmProjects\CSE3063F24P1_GRP11\Departments
INFO:root:Creating FacultyID with ID: 15, Name: eng
INFO:root:Getting all JSON files from C:\Users\omery\PycharmProjects\CSE3063F24P1_GRP11\Students
INFO:root:Loaded dict from JSON
INFO:root:Got all JSON files from C:\Users\omery\PycharmProjects\CSE3063F24P1_GRP11\Students
INFO:root:Creating FacultyID with ID: 15, Name: eng
INFO:root:Student ID created: 150022001 (Department: 150, Entrance Date: 2022, Rank: 1)
INFO:root:Creating FacultyID with ID: 15, Name: eng
INFO:root:Student ID created: 150022001 (Department: 150, Entrance Date: 2022, Rank: 1)
INFO:root:Transcript created for student ID: 150022001
INFO:root:Adding courses to transcript for student ID: 150022001. Courses: []
INFO:root:Courses added. New GPA: 0.00
INFO:pythonCode.User:StaffId initialized
INFO:pythonCode.User:Staff ID generated, Current staffIdCounter: 2
INFO:pythonCode.User:User initialized
INFO:root:Student created with ID: 150022001
INFO:root:Getting all JSON files from C:\Users\omery\PycharmProjects\CSE3063F24P1_GRP11\Advisors
INFO:root:Loaded dict from JSON
INFO:root:Got all JSON files from C:\Users\omery\PycharmProjects\CSE3063F24P1_GRP11\Advisors
INFO:User:Advisor initialized
INFO:User:Lecturer initialized
INFO:User:Staff initialized
INFO:User:User initialized
INFO:User:StaffId initialized
INFO:User:Staff ID generated, Current staffIdCounter: 2
INFO:User:StaffId initialized
INFO:User:Staff ID generated, Current staffIdCounter: 3
INFO:root:Getting all JSON files from C:\Users\omery\PycharmProjects\CSE3063F24P1_GRP11\Lecturers
INFO:root:Loaded dict from JSON
INFO:root:Got all JSON files from C:\Users\omery\PycharmProjects\CSE3063F24P1_GRP11\Lecturers
INFO:User:Lecturer initialized
INFO:User:Staff initialized
INFO:User:User initialized
INFO:User:StaffId initialized
INFO:User:Staff ID generated, Current staffIdCounter: 4
INFO:User:StaffId initialized
INFO:User:Staff ID generated, Current staffIdCounter: 5
INFO:root:Getting all JSON files from C:\Users\omery\PycharmProjects\CSE3063F24P1_GRP11\DepartmentSchedulers
INFO:root:Loaded dict from JSON
INFO:root:Got all JSON files from C:\Users\omery\PycharmProjects\CSE3063F24P1_GRP11\DepartmentSchedulers
INFO:User:DepartmentScheduler initialized
INFO:User:Staff initialized
INFO:User:User initialized
INFO:User:StaffId initialized
INFO:User:Staff ID generated, Current staffIdCounter: 6
INFO:User:StaffId initialized
INFO:User:Staff ID generated, Current staffIdCounter: 7
INFO:root:Getting all JSON files from C:\Users\omery\PycharmProjects\CSE3063F24P1_GRP11\StudentsAffairss
INFO:root:Loaded dict from JSON
INFO:root:Got all JSON files from C:\Users\omery\PycharmProjects\CSE3063F24P1_GRP11\StudentsAffairss
INFO:User:StudentsAffairs initialized
INFO:User:Staff initialized
INFO:User:User initialized
INFO:User:StaffId initialized
INFO:User:Staff ID generated, Current staffIdCounter: 8
INFO:User:StaffId initialized
INFO:User:Staff ID generated, Current staffIdCounter: 9
INFO:root:Getting all JSON files from C:\Users\omery\PycharmProjects\CSE3063F24P1_GRP11\Courses
INFO:root:Loaded dict from JSON
INFO:root:Got all JSON files from C:\Users\omery\PycharmProjects\CSE3063F24P1_GRP11\Courses
INFO:root:Creating FacultyID with ID: 15, Name: eng
INFO:User:Lecturer initialized
INFO:User:Staff initialized
INFO:User:User initialized
INFO:User:StaffId initialized
INFO:User:Staff ID generated, Current staffIdCounter: 10
INFO:User:StaffId initialized
INFO:User:Staff ID generated, Current staffIdCounter: 11
INFO:User:get_staffId called: <User.StaffId object at 0x0000022E4CD9BE90>
INFO:User:get_staffId called: 1
INFO:User:get_staffId called: <User.StaffId object at 0x0000022E4CD9BE90>
INFO:User:get_staffId called: 1
INFO:User:get_staffId called: <User.StaffId object at 0x0000022E4EF74C80>
INFO:User:get_staffId called: 2
INFO:User:get_staffId called: <User.StaffId object at 0x0000022E4EF74C80>
INFO:User:get_staffId called: 2
INFO:User:get_staffId called: <User.StaffId object at 0x0000022E4EF74DA0>
INFO:User:get_staffId called: 4
INFO:User:get_staffId called: <User.StaffId object at 0x0000022E4EF74DA0>
INFO:User:get_staffId called: 4
INFO:User:get_staffId called: <User.StaffId object at 0x0000022E4EF74EF0>
INFO:User:get_staffId called: 3
INFO:pythonCode.User:changeStaticCounter called
INFO:root:Hashing password
INFO:root:Password hashed successfully
INFO:pythonCode.User:Admin initialized
INFO:pythonCode.User:Staff initialized
INFO:pythonCode.User:User initialized
INFO:pythonCode.User:StaffId initialized
INFO:pythonCode.User:Staff ID generated, Current staffIdCounter: 5
INFO:User:get_departmentId called
INFO:User:get_departmentId called
INFO:root:Trying to log in with email: burakerol@marun.edu.tr
INFO:pythonCode.User:getUserInformation called
INFO:root:Checking email: burakerol@marun.edu.tr
INFO:root:Login successful for email: burakerol@marun.edu.tr
INFO:root:Initializing LoginAuthService
INFO:root:Getting all JSON files from C:\Users\omery\PycharmProjects\CSE3063F24P1_GRP11\Facultys
INFO:root:Loaded dict from JSON
INFO:root:Got all JSON files from C:\Users\omery\PycharmProjects\CSE3063F24P1_GRP11\Facultys
INFO:root:Getting all JSON files from C:\Users\omery\PycharmProjects\CSE3063F24P1_GRP11\Departments
INFO:root:Loaded dict from JSON
INFO:root:Got all JSON files from C:\Users\omery\PycharmProjects\CSE3063F24P1_GRP11\Departments
INFO:root:Creating FacultyID with ID: 15, Name: eng
INFO:root:Getting all JSON files from C:\Users\omery\PycharmProjects\CSE3063F24P1_GRP11\Students
INFO:root:Loaded dict from JSON
INFO:root:Got all JSON files from C:\Users\omery\PycharmProjects\CSE3063F24P1_GRP11\Students
INFO:root:Creating FacultyID with ID: 15, Name: eng
INFO:root:Student ID created: 150022001 (Department: 150, Entrance Date: 2022, Rank: 1)
INFO:root:Creating FacultyID with ID: 15, Name: eng
INFO:root:Student ID created: 150022001 (Department: 150, Entrance Date: 2022, Rank: 1)
INFO:root:Transcript created for student ID: 150022001
INFO:root:Adding courses to transcript for student ID: 150022001. Courses: []
INFO:root:Courses added. New GPA: 0.00
INFO:pythonCode.User:StaffId initialized
INFO:pythonCode.User:Staff ID generated, Current staffIdCounter: 2
INFO:pythonCode.User:User initialized
INFO:root:Student created with ID: 150022001
INFO:root:Getting all JSON files from C:\Users\omery\PycharmProjects\CSE3063F24P1_GRP11\Advisors
INFO:root:Loaded dict from JSON
INFO:root:Got all JSON files from C:\Users\omery\PycharmProjects\CSE3063F24P1_GRP11\Advisors
INFO:User:Advisor initialized
INFO:User:Lecturer initialized
INFO:User:Staff initialized
INFO:User:User initialized
INFO:User:StaffId initialized
INFO:User:Staff ID generated, Current staffIdCounter: 2
INFO:User:StaffId initialized
INFO:User:Staff ID generated, Current staffIdCounter: 3
INFO:root:Getting all JSON files from C:\Users\omery\PycharmProjects\CSE3063F24P1_GRP11\Lecturers
INFO:root:Loaded dict from JSON
INFO:root:Got all JSON files from C:\Users\omery\PycharmProjects\CSE3063F24P1_GRP11\Lecturers
INFO:User:Lecturer initialized
INFO:User:Staff initialized
INFO:User:User initialized
INFO:User:StaffId initialized
INFO:User:Staff ID generated, Current staffIdCounter: 4
INFO:User:StaffId initialized
INFO:User:Staff ID generated, Current staffIdCounter: 5
INFO:root:Getting all JSON files from C:\Users\omery\PycharmProjects\CSE3063F24P1_GRP11\DepartmentSchedulers
INFO:root:Loaded dict from JSON
INFO:root:Got all JSON files from C:\Users\omery\PycharmProjects\CSE3063F24P1_GRP11\DepartmentSchedulers
INFO:User:DepartmentScheduler initialized
INFO:User:Staff initialized
INFO:User:User initialized
INFO:User:StaffId initialized
INFO:User:Staff ID generated, Current staffIdCounter: 6
INFO:User:StaffId initialized
INFO:User:Staff ID generated, Current staffIdCounter: 7
INFO:root:Getting all JSON files from C:\Users\omery\PycharmProjects\CSE3063F24P1_GRP11\StudentsAffairss
INFO:root:Loaded dict from JSON
INFO:root:Got all JSON files from C:\Users\omery\PycharmProjects\CSE3063F24P1_GRP11\StudentsAffairss
INFO:User:StudentsAffairs initialized
INFO:User:Staff initialized
INFO:User:User initialized
INFO:User:StaffId initialized
INFO:User:Staff ID generated, Current staffIdCounter: 8
INFO:User:StaffId initialized
INFO:User:Staff ID generated, Current staffIdCounter: 9
INFO:root:Getting all JSON files from C:\Users\omery\PycharmProjects\CSE3063F24P1_GRP11\Courses
INFO:root:Loaded dict from JSON
INFO:root:Got all JSON files from C:\Users\omery\PycharmProjects\CSE3063F24P1_GRP11\Courses
INFO:root:Creating FacultyID with ID: 15, Name: eng
INFO:User:Lecturer initialized
INFO:User:Staff initialized
INFO:User:User initialized
INFO:User:StaffId initialized
INFO:User:Staff ID generated, Current staffIdCounter: 10
INFO:User:StaffId initialized
INFO:User:Staff ID generated, Current staffIdCounter: 11
INFO:User:get_staffId called: <User.StaffId object at 0x0000016A6FF88140>
INFO:User:get_staffId called: 1
INFO:User:get_staffId called: <User.StaffId object at 0x0000016A6FF88140>
INFO:User:get_staffId called: 1
INFO:User:get_staffId called: <User.StaffId object at 0x0000016A6FF88290>
INFO:User:get_staffId called: 2
INFO:User:get_staffId called: <User.StaffId object at 0x0000016A6FF88290>
INFO:User:get_staffId called: 2
INFO:User:get_staffId called: <User.StaffId object at 0x0000016A6FF883E0>
INFO:User:get_staffId called: 4
INFO:User:get_staffId called: <User.StaffId object at 0x0000016A6FF883E0>
INFO:User:get_staffId called: 4
INFO:User:get_staffId called: <User.StaffId object at 0x0000016A6FF88560>
INFO:User:get_staffId called: 3
INFO:pythonCode.User:changeStaticCounter called
INFO:root:Hashing password
INFO:root:Password hashed successfully
INFO:pythonCode.User:Admin initialized
INFO:pythonCode.User:Staff initialized
INFO:pythonCode.User:User initialized
INFO:pythonCode.User:StaffId initialized
INFO:pythonCode.User:Staff ID generated, Current staffIdCounter: 5
INFO:User:get_departmentId called
INFO:User:get_departmentId called
INFO:root:Trying to log in with email: burakerol@marun.edu.tr
INFO:pythonCode.User:getUserInformation called
INFO:root:Checking email: burakerol@marun.edu.tr
INFO:root:Login successful for email: burakerol@marun.edu.tr
INFO:root:Initializing LoginAuthService
INFO:root:Getting all JSON files from C:\Users\omery\PycharmProjects\CSE3063F24P1_GRP11\Facultys
INFO:root:Loaded dict from JSON
INFO:root:Got all JSON files from C:\Users\omery\PycharmProjects\CSE3063F24P1_GRP11\Facultys
INFO:root:Getting all JSON files from C:\Users\omery\PycharmProjects\CSE3063F24P1_GRP11\Departments
INFO:root:Loaded dict from JSON
INFO:root:Got all JSON files from C:\Users\omery\PycharmProjects\CSE3063F24P1_GRP11\Departments
INFO:root:Creating FacultyID with ID: 15, Name: eng
INFO:root:Getting all JSON files from C:\Users\omery\PycharmProjects\CSE3063F24P1_GRP11\Students
INFO:root:Loaded dict from JSON
INFO:root:Got all JSON files from C:\Users\omery\PycharmProjects\CSE3063F24P1_GRP11\Students
INFO:root:Creating FacultyID with ID: 15, Name: eng
INFO:root:Student ID created: 150022001 (Department: 150, Entrance Date: 2022, Rank: 1)
INFO:root:Creating FacultyID with ID: 15, Name: eng
INFO:root:Student ID created: 150022001 (Department: 150, Entrance Date: 2022, Rank: 1)
INFO:root:Transcript created for student ID: 150022001
INFO:root:Adding courses to transcript for student ID: 150022001. Courses: []
INFO:root:Courses added. New GPA: 0.00
INFO:pythonCode.User:StaffId initialized
INFO:pythonCode.User:Staff ID generated, Current staffIdCounter: 2
INFO:pythonCode.User:User initialized
INFO:root:Student created with ID: 150022001
INFO:root:Getting all JSON files from C:\Users\omery\PycharmProjects\CSE3063F24P1_GRP11\Advisors
INFO:root:Loaded dict from JSON
INFO:root:Got all JSON files from C:\Users\omery\PycharmProjects\CSE3063F24P1_GRP11\Advisors
INFO:User:Advisor initialized
INFO:User:Lecturer initialized
INFO:User:Staff initialized
INFO:User:User initialized
INFO:User:StaffId initialized
INFO:User:Staff ID generated, Current staffIdCounter: 2
INFO:User:StaffId initialized
INFO:User:Staff ID generated, Current staffIdCounter: 3
INFO:root:Getting all JSON files from C:\Users\omery\PycharmProjects\CSE3063F24P1_GRP11\Lecturers
INFO:root:Loaded dict from JSON
INFO:root:Got all JSON files from C:\Users\omery\PycharmProjects\CSE3063F24P1_GRP11\Lecturers
INFO:User:Lecturer initialized
INFO:User:Staff initialized
INFO:User:User initialized
INFO:User:StaffId initialized
INFO:User:Staff ID generated, Current staffIdCounter: 4
INFO:User:StaffId initialized
INFO:User:Staff ID generated, Current staffIdCounter: 5
INFO:root:Getting all JSON files from C:\Users\omery\PycharmProjects\CSE3063F24P1_GRP11\DepartmentSchedulers
INFO:root:Loaded dict from JSON
INFO:root:Got all JSON files from C:\Users\omery\PycharmProjects\CSE3063F24P1_GRP11\DepartmentSchedulers
INFO:User:DepartmentScheduler initialized
INFO:User:Staff initialized
INFO:User:User initialized
INFO:User:StaffId initialized
INFO:User:Staff ID generated, Current staffIdCounter: 6
INFO:User:StaffId initialized
INFO:User:Staff ID generated, Current staffIdCounter: 7
INFO:root:Getting all JSON files from C:\Users\omery\PycharmProjects\CSE3063F24P1_GRP11\StudentsAffairss
INFO:root:Loaded dict from JSON
INFO:root:Got all JSON files from C:\Users\omery\PycharmProjects\CSE3063F24P1_GRP11\StudentsAffairss
INFO:User:StudentsAffairs initialized
INFO:User:Staff initialized
INFO:User:User initialized
INFO:User:StaffId initialized
INFO:User:Staff ID generated, Current staffIdCounter: 8
INFO:User:StaffId initialized
INFO:User:Staff ID generated, Current staffIdCounter: 9
INFO:root:Getting all JSON files from C:\Users\omery\PycharmProjects\CSE3063F24P1_GRP11\Courses
INFO:root:Loaded dict from JSON
INFO:root:Got all JSON files from C:\Users\omery\PycharmProjects\CSE3063F24P1_GRP11\Courses
INFO:root:Creating FacultyID with ID: 15, Name: eng
INFO:User:Lecturer initialized
INFO:User:Staff initialized
INFO:User:User initialized
INFO:User:StaffId initialized
INFO:User:Staff ID generated, Current staffIdCounter: 10
INFO:User:StaffId initialized
INFO:User:Staff ID generated, Current staffIdCounter: 11
INFO:User:get_staffId called: <User.StaffId object at 0x00000254A1B280B0>
INFO:User:get_staffId called: 1
INFO:User:get_staffId called: <User.StaffId object at 0x00000254A1B280B0>
INFO:User:get_staffId called: 1
INFO:User:get_staffId called: <User.StaffId object at 0x00000254A1B28200>
INFO:User:get_staffId called: 2
INFO:User:get_staffId called: <User.StaffId object at 0x00000254A1B28200>
INFO:User:get_staffId called: 2
INFO:User:get_staffId called: <User.StaffId object at 0x000002549F8EBE90>
INFO:User:get_staffId called: 4
INFO:User:get_staffId called: <User.StaffId object at 0x000002549F8EBE90>
INFO:User:get_staffId called: 4
INFO:User:get_staffId called: <User.StaffId object at 0x00000254A1B28440>
INFO:User:get_staffId called: 3
INFO:pythonCode.User:changeStaticCounter called
INFO:root:Hashing password
INFO:root:Password hashed successfully
INFO:pythonCode.User:Admin initialized
INFO:pythonCode.User:Staff initialized
INFO:pythonCode.User:User initialized
INFO:pythonCode.User:StaffId initialized
INFO:pythonCode.User:Staff ID generated, Current staffIdCounter: 5
INFO:User:get_departmentId called
INFO:User:get_departmentId called
INFO:root:Trying to log in with email: burakerol@marun.edu.tr
INFO:pythonCode.User:getUserInformation called
INFO:root:Checking email: burakerol@marun.edu.tr
INFO:root:Login successful for email: burakerol@marun.edu.tr
INFO:root:Initializing LoginAuthService
INFO:root:Getting all JSON files from C:\Users\omery\PycharmProjects\CSE3063F24P1_GRP11\Facultys
INFO:root:Loaded dict from JSON
INFO:root:Got all JSON files from C:\Users\omery\PycharmProjects\CSE3063F24P1_GRP11\Facultys
INFO:root:Getting all JSON files from C:\Users\omery\PycharmProjects\CSE3063F24P1_GRP11\Departments
INFO:root:Loaded dict from JSON
INFO:root:Got all JSON files from C:\Users\omery\PycharmProjects\CSE3063F24P1_GRP11\Departments
INFO:root:Creating FacultyID with ID: 15, Name: eng
INFO:root:Getting all JSON files from C:\Users\omery\PycharmProjects\CSE3063F24P1_GRP11\Students
INFO:root:Loaded dict from JSON
INFO:root:Got all JSON files from C:\Users\omery\PycharmProjects\CSE3063F24P1_GRP11\Students
INFO:root:Creating FacultyID with ID: 15, Name: eng
INFO:root:Student ID created: 150022001 (Department: 150, Entrance Date: 2022, Rank: 1)
INFO:root:Creating FacultyID with ID: 15, Name: eng
INFO:root:Student ID created: 150022001 (Department: 150, Entrance Date: 2022, Rank: 1)
INFO:root:Transcript created for student ID: 150022001
INFO:root:Adding courses to transcript for student ID: 150022001. Courses: []
INFO:root:Courses added. New GPA: 0.00
INFO:pythonCode.User:StaffId initialized
INFO:pythonCode.User:Staff ID generated, Current staffIdCounter: 2
INFO:pythonCode.User:User initialized
INFO:root:Student created with ID: 150022001
INFO:root:Getting all JSON files from C:\Users\omery\PycharmProjects\CSE3063F24P1_GRP11\Advisors
INFO:root:Loaded dict from JSON
INFO:root:Got all JSON files from C:\Users\omery\PycharmProjects\CSE3063F24P1_GRP11\Advisors
INFO:User:Advisor initialized
INFO:User:Lecturer initialized
INFO:User:Staff initialized
INFO:User:User initialized
INFO:User:StaffId initialized
INFO:User:Staff ID generated, Current staffIdCounter: 2
INFO:User:StaffId initialized
INFO:User:Staff ID generated, Current staffIdCounter: 3
INFO:root:Getting all JSON files from C:\Users\omery\PycharmProjects\CSE3063F24P1_GRP11\Lecturers
INFO:root:Loaded dict from JSON
INFO:root:Got all JSON files from C:\Users\omery\PycharmProjects\CSE3063F24P1_GRP11\Lecturers
INFO:User:Lecturer initialized
INFO:User:Staff initialized
INFO:User:User initialized
INFO:User:StaffId initialized
INFO:User:Staff ID generated, Current staffIdCounter: 4
INFO:User:StaffId initialized
INFO:User:Staff ID generated, Current staffIdCounter: 5
INFO:root:Getting all JSON files from C:\Users\omery\PycharmProjects\CSE3063F24P1_GRP11\DepartmentSchedulers
INFO:root:Loaded dict from JSON
INFO:root:Got all JSON files from C:\Users\omery\PycharmProjects\CSE3063F24P1_GRP11\DepartmentSchedulers
INFO:User:DepartmentScheduler initialized
INFO:User:Staff initialized
INFO:User:User initialized
INFO:User:StaffId initialized
INFO:User:Staff ID generated, Current staffIdCounter: 6
INFO:User:StaffId initialized
INFO:User:Staff ID generated, Current staffIdCounter: 7
INFO:root:Getting all JSON files from C:\Users\omery\PycharmProjects\CSE3063F24P1_GRP11\StudentsAffairss
INFO:root:Loaded dict from JSON
INFO:root:Got all JSON files from C:\Users\omery\PycharmProjects\CSE3063F24P1_GRP11\StudentsAffairss
INFO:User:StudentsAffairs initialized
INFO:User:Staff initialized
INFO:User:User initialized
INFO:User:StaffId initialized
INFO:User:Staff ID generated, Current staffIdCounter: 8
INFO:User:StaffId initialized
INFO:User:Staff ID generated, Current staffIdCounter: 9
INFO:root:Getting all JSON files from C:\Users\omery\PycharmProjects\CSE3063F24P1_GRP11\Courses
INFO:root:Loaded dict from JSON
INFO:root:Got all JSON files from C:\Users\omery\PycharmProjects\CSE3063F24P1_GRP11\Courses
INFO:root:Creating FacultyID with ID: 15, Name: eng
INFO:User:Lecturer initialized
INFO:User:Staff initialized
INFO:User:User initialized
INFO:User:StaffId initialized
INFO:User:Staff ID generated, Current staffIdCounter: 10
INFO:User:StaffId initialized
INFO:User:Staff ID generated, Current staffIdCounter: 11
INFO:User:get_staffId called: <User.StaffId object at 0x000002809504B950>
INFO:User:get_staffId called: 1
INFO:User:get_staffId called: <User.StaffId object at 0x000002809504B950>
INFO:User:get_staffId called: 1
INFO:User:get_staffId called: <User.StaffId object at 0x0000028097214D40>
INFO:User:get_staffId called: 2
INFO:User:get_staffId called: <User.StaffId object at 0x0000028097214D40>
INFO:User:get_staffId called: 2
INFO:User:get_staffId called: <User.StaffId object at 0x0000028097214E90>
INFO:User:get_staffId called: 4
INFO:User:get_staffId called: <User.StaffId object at 0x0000028097214E90>
INFO:User:get_staffId called: 4
INFO:User:get_staffId called: <User.StaffId object at 0x0000028097214FE0>
INFO:User:get_staffId called: 3
INFO:pythonCode.User:changeStaticCounter called
INFO:root:Hashing password
INFO:root:Password hashed successfully
INFO:pythonCode.User:Admin initialized
INFO:pythonCode.User:Staff initialized
INFO:pythonCode.User:User initialized
INFO:pythonCode.User:StaffId initialized
INFO:pythonCode.User:Staff ID generated, Current staffIdCounter: 5
INFO:User:get_departmentId called
INFO:User:get_departmentId called
INFO:root:Trying to log in with email: burakerol@marun.edu.tr
INFO:pythonCode.User:getUserInformation called
INFO:root:Checking email: burakerol@marun.edu.tr
INFO:root:Login successful for email: burakerol@marun.edu.tr
INFO:root:Initializing LoginAuthService
INFO:root:Getting all JSON files from C:\Users\omery\PycharmProjects\CSE3063F24P1_GRP11\Facultys
INFO:root:Loaded dict from JSON
INFO:root:Got all JSON files from C:\Users\omery\PycharmProjects\CSE3063F24P1_GRP11\Facultys
INFO:root:Getting all JSON files from C:\Users\omery\PycharmProjects\CSE3063F24P1_GRP11\Departments
INFO:root:Loaded dict from JSON
INFO:root:Got all JSON files from C:\Users\omery\PycharmProjects\CSE3063F24P1_GRP11\Departments
INFO:root:Creating FacultyID with ID: 15, Name: eng
INFO:root:Getting all JSON files from C:\Users\omery\PycharmProjects\CSE3063F24P1_GRP11\Students
INFO:root:Loaded dict from JSON
INFO:root:Got all JSON files from C:\Users\omery\PycharmProjects\CSE3063F24P1_GRP11\Students
INFO:root:Creating FacultyID with ID: 15, Name: eng
INFO:root:Student ID created: 150022001 (Department: 150, Entrance Date: 2022, Rank: 1)
INFO:root:Creating FacultyID with ID: 15, Name: eng
INFO:root:Student ID created: 150022001 (Department: 150, Entrance Date: 2022, Rank: 1)
INFO:root:Transcript created for student ID: 150022001
INFO:root:Adding courses to transcript for student ID: 150022001. Courses: []
INFO:root:Courses added. New GPA: 0.00
INFO:pythonCode.User:StaffId initialized
INFO:pythonCode.User:Staff ID generated, Current staffIdCounter: 2
INFO:pythonCode.User:User initialized
INFO:root:Student created with ID: 150022001
INFO:root:Getting all JSON files from C:\Users\omery\PycharmProjects\CSE3063F24P1_GRP11\Advisors
INFO:root:Loaded dict from JSON
INFO:root:Got all JSON files from C:\Users\omery\PycharmProjects\CSE3063F24P1_GRP11\Advisors
INFO:User:Advisor initialized
INFO:User:Lecturer initialized
INFO:User:Staff initialized
INFO:User:User initialized
INFO:User:StaffId initialized
INFO:User:Staff ID generated, Current staffIdCounter: 2
INFO:User:StaffId initialized
INFO:User:Staff ID generated, Current staffIdCounter: 3
INFO:root:Getting all JSON files from C:\Users\omery\PycharmProjects\CSE3063F24P1_GRP11\Lecturers
INFO:root:Loaded dict from JSON
INFO:root:Got all JSON files from C:\Users\omery\PycharmProjects\CSE3063F24P1_GRP11\Lecturers
INFO:User:Lecturer initialized
INFO:User:Staff initialized
INFO:User:User initialized
INFO:User:StaffId initialized
INFO:User:Staff ID generated, Current staffIdCounter: 4
INFO:User:StaffId initialized
INFO:User:Staff ID generated, Current staffIdCounter: 5
INFO:root:Getting all JSON files from C:\Users\omery\PycharmProjects\CSE3063F24P1_GRP11\DepartmentSchedulers
INFO:root:Loaded dict from JSON
INFO:root:Got all JSON files from C:\Users\omery\PycharmProjects\CSE3063F24P1_GRP11\DepartmentSchedulers
INFO:User:DepartmentScheduler initialized
INFO:User:Staff initialized
INFO:User:User initialized
INFO:User:StaffId initialized
INFO:User:Staff ID generated, Current staffIdCounter: 6
INFO:User:StaffId initialized
INFO:User:Staff ID generated, Current staffIdCounter: 7
INFO:root:Getting all JSON files from C:\Users\omery\PycharmProjects\CSE3063F24P1_GRP11\StudentsAffairss
INFO:root:Loaded dict from JSON
INFO:root:Got all JSON files from C:\Users\omery\PycharmProjects\CSE3063F24P1_GRP11\StudentsAffairss
INFO:User:StudentsAffairs initialized
INFO:User:Staff initialized
INFO:User:User initialized
INFO:User:StaffId initialized
INFO:User:Staff ID generated, Current staffIdCounter: 8
INFO:User:StaffId initialized
INFO:User:Staff ID generated, Current staffIdCounter: 9
INFO:root:Getting all JSON files from C:\Users\omery\PycharmProjects\CSE3063F24P1_GRP11\Courses
INFO:root:Loaded dict from JSON
INFO:root:Got all JSON files from C:\Users\omery\PycharmProjects\CSE3063F24P1_GRP11\Courses
INFO:root:Creating FacultyID with ID: 15, Name: eng
INFO:User:Lecturer initialized
INFO:User:Staff initialized
INFO:User:User initialized
INFO:User:StaffId initialized
INFO:User:Staff ID generated, Current staffIdCounter: 10
INFO:User:StaffId initialized
INFO:User:Staff ID generated, Current staffIdCounter: 11
INFO:User:get_staffId called: <User.StaffId object at 0x0000029D5E17B950>
INFO:User:get_staffId called: 1
INFO:User:get_staffId called: <User.StaffId object at 0x0000029D5E17B950>
INFO:User:get_staffId called: 1
INFO:User:get_staffId called: <User.StaffId object at 0x0000029D60414D40>
INFO:User:get_staffId called: 2
INFO:User:get_staffId called: <User.StaffId object at 0x0000029D60414D40>
INFO:User:get_staffId called: 2
INFO:User:get_staffId called: <User.StaffId object at 0x0000029D60414E90>
INFO:User:get_staffId called: 4
INFO:User:get_staffId called: <User.StaffId object at 0x0000029D60414E90>
INFO:User:get_staffId called: 4
INFO:User:get_staffId called: <User.StaffId object at 0x0000029D60414FE0>
INFO:User:get_staffId called: 3
INFO:pythonCode.User:changeStaticCounter called
INFO:root:Hashing password
INFO:root:Password hashed successfully
INFO:pythonCode.User:Admin initialized
INFO:pythonCode.User:Staff initialized
INFO:pythonCode.User:User initialized
INFO:pythonCode.User:StaffId initialized
INFO:pythonCode.User:Staff ID generated, Current staffIdCounter: 5
INFO:User:get_departmentId called
INFO:User:get_departmentId called
INFO:root:Trying to log in with email: burakerol@marun.edu.tr
INFO:pythonCode.User:getUserInformation called
INFO:root:Checking email: burakerol@marun.edu.tr
INFO:root:Login successful for email: burakerol@marun.edu.tr
INFO:root:Getting FacultyName: eng
INFO:pythonCode.User:getUserInformation called
INFO:pythonCode.User:getUserInformation called
INFO:pythonCode.User:getUserInformation called
INFO:pythonCode.User:getUserInformation called
INFO:pythonCode.User:getUserInformation called
INFO:root:Initializing LoginAuthService
INFO:root:Getting all JSON files from C:\Users\omery\PycharmProjects\CSE3063F24P1_GRP11\Facultys
INFO:root:Loaded dict from JSON
INFO:root:Got all JSON files from C:\Users\omery\PycharmProjects\CSE3063F24P1_GRP11\Facultys
INFO:root:Getting all JSON files from C:\Users\omery\PycharmProjects\CSE3063F24P1_GRP11\Departments
INFO:root:Loaded dict from JSON
INFO:root:Got all JSON files from C:\Users\omery\PycharmProjects\CSE3063F24P1_GRP11\Departments
INFO:root:Creating FacultyID with ID: 15, Name: eng
INFO:root:Getting all JSON files from C:\Users\omery\PycharmProjects\CSE3063F24P1_GRP11\Students
INFO:root:Loaded dict from JSON
INFO:root:Got all JSON files from C:\Users\omery\PycharmProjects\CSE3063F24P1_GRP11\Students
INFO:root:Creating FacultyID with ID: 15, Name: eng
INFO:root:Student ID created: 150022001 (Department: 150, Entrance Date: 2022, Rank: 1)
INFO:root:Creating FacultyID with ID: 15, Name: eng
INFO:root:Student ID created: 150022001 (Department: 150, Entrance Date: 2022, Rank: 1)
INFO:root:Transcript created for student ID: 150022001
INFO:root:Adding courses to transcript for student ID: 150022001. Courses: []
INFO:root:Courses added. New GPA: 0.00
INFO:pythonCode.User:StaffId initialized
INFO:pythonCode.User:Staff ID generated, Current staffIdCounter: 2
INFO:pythonCode.User:User initialized
INFO:root:Student created with ID: 150022001
INFO:root:Getting all JSON files from C:\Users\omery\PycharmProjects\CSE3063F24P1_GRP11\Advisors
INFO:root:Loaded dict from JSON
INFO:root:Got all JSON files from C:\Users\omery\PycharmProjects\CSE3063F24P1_GRP11\Advisors
INFO:User:Advisor initialized
INFO:User:Lecturer initialized
INFO:User:Staff initialized
INFO:User:User initialized
INFO:User:StaffId initialized
INFO:User:Staff ID generated, Current staffIdCounter: 2
INFO:User:StaffId initialized
INFO:User:Staff ID generated, Current staffIdCounter: 3
INFO:root:Getting all JSON files from C:\Users\omery\PycharmProjects\CSE3063F24P1_GRP11\Lecturers
INFO:root:Loaded dict from JSON
INFO:root:Got all JSON files from C:\Users\omery\PycharmProjects\CSE3063F24P1_GRP11\Lecturers
INFO:User:Lecturer initialized
INFO:User:Staff initialized
INFO:User:User initialized
INFO:User:StaffId initialized
INFO:User:Staff ID generated, Current staffIdCounter: 4
INFO:User:StaffId initialized
INFO:User:Staff ID generated, Current staffIdCounter: 5
INFO:root:Getting all JSON files from C:\Users\omery\PycharmProjects\CSE3063F24P1_GRP11\DepartmentSchedulers
INFO:root:Loaded dict from JSON
INFO:root:Got all JSON files from C:\Users\omery\PycharmProjects\CSE3063F24P1_GRP11\DepartmentSchedulers
INFO:User:DepartmentScheduler initialized
INFO:User:Staff initialized
INFO:User:User initialized
INFO:User:StaffId initialized
INFO:User:Staff ID generated, Current staffIdCounter: 6
INFO:User:StaffId initialized
INFO:User:Staff ID generated, Current staffIdCounter: 7
INFO:root:Getting all JSON files from C:\Users\omery\PycharmProjects\CSE3063F24P1_GRP11\StudentsAffairss
INFO:root:Loaded dict from JSON
INFO:root:Got all JSON files from C:\Users\omery\PycharmProjects\CSE3063F24P1_GRP11\StudentsAffairss
INFO:User:StudentsAffairs initialized
INFO:User:Staff initialized
INFO:User:User initialized
INFO:User:StaffId initialized
INFO:User:Staff ID generated, Current staffIdCounter: 8
INFO:User:StaffId initialized
INFO:User:Staff ID generated, Current staffIdCounter: 9
INFO:root:Getting all JSON files from C:\Users\omery\PycharmProjects\CSE3063F24P1_GRP11\Courses
INFO:root:Loaded dict from JSON
INFO:root:Got all JSON files from C:\Users\omery\PycharmProjects\CSE3063F24P1_GRP11\Courses
INFO:root:Creating FacultyID with ID: 15, Name: eng
INFO:User:Lecturer initialized
INFO:User:Staff initialized
INFO:User:User initialized
INFO:User:StaffId initialized
INFO:User:Staff ID generated, Current staffIdCounter: 10
INFO:User:StaffId initialized
INFO:User:Staff ID generated, Current staffIdCounter: 11
INFO:User:get_staffId called: <User.StaffId object at 0x0000024DFF47B950>
INFO:User:get_staffId called: 1
INFO:User:get_staffId called: <User.StaffId object at 0x0000024DFF47B950>
INFO:User:get_staffId called: 1
INFO:User:get_staffId called: <User.StaffId object at 0x0000024D817B4D40>
INFO:User:get_staffId called: 2
INFO:User:get_staffId called: <User.StaffId object at 0x0000024D817B4D40>
INFO:User:get_staffId called: 2
INFO:User:get_staffId called: <User.StaffId object at 0x0000024D817B4E90>
INFO:User:get_staffId called: 4
INFO:User:get_staffId called: <User.StaffId object at 0x0000024D817B4E90>
INFO:User:get_staffId called: 4
INFO:User:get_staffId called: <User.StaffId object at 0x0000024D817B4FE0>
INFO:User:get_staffId called: 3
INFO:pythonCode.User:changeStaticCounter called
INFO:root:Hashing password
INFO:root:Password hashed successfully
INFO:pythonCode.User:Admin initialized
INFO:pythonCode.User:Staff initialized
INFO:pythonCode.User:User initialized
INFO:pythonCode.User:StaffId initialized
INFO:pythonCode.User:Staff ID generated, Current staffIdCounter: 5
INFO:User:get_departmentId called
INFO:User:get_departmentId called
INFO:root:Trying to log in with email: burakerol@marun.edu.tr
INFO:pythonCode.User:getUserInformation called
INFO:root:Checking email: burakerol@marun.edu.tr
INFO:root:Login successful for email: burakerol@marun.edu.tr
INFO:root:Getting FacultyName: eng
INFO:pythonCode.User:getUserInformation called
INFO:pythonCode.User:getUserInformation called
INFO:pythonCode.User:getUserInformation called
INFO:pythonCode.User:getUserInformation called
INFO:pythonCode.User:getUserInformation called
INFO:root:Initializing LoginAuthService
INFO:root:Getting all JSON files from C:\Users\omery\PycharmProjects\CSE3063F24P1_GRP11\Facultys
INFO:root:Loaded dict from JSON
INFO:root:Got all JSON files from C:\Users\omery\PycharmProjects\CSE3063F24P1_GRP11\Facultys
INFO:root:Getting all JSON files from C:\Users\omery\PycharmProjects\CSE3063F24P1_GRP11\Departments
INFO:root:Loaded dict from JSON
INFO:root:Got all JSON files from C:\Users\omery\PycharmProjects\CSE3063F24P1_GRP11\Departments
INFO:root:Creating FacultyID with ID: 15, Name: eng
INFO:root:Getting all JSON files from C:\Users\omery\PycharmProjects\CSE3063F24P1_GRP11\Students
INFO:root:Loaded dict from JSON
INFO:root:Got all JSON files from C:\Users\omery\PycharmProjects\CSE3063F24P1_GRP11\Students
INFO:root:Creating FacultyID with ID: 15, Name: eng
INFO:root:Student ID created: 150022001 (Department: 150, Entrance Date: 2022, Rank: 1)
INFO:root:Creating FacultyID with ID: 15, Name: eng
INFO:root:Student ID created: 150022001 (Department: 150, Entrance Date: 2022, Rank: 1)
INFO:root:Transcript created for student ID: 150022001
INFO:root:Adding courses to transcript for student ID: 150022001. Courses: []
INFO:root:Courses added. New GPA: 0.00
INFO:pythonCode.User:StaffId initialized
INFO:pythonCode.User:Staff ID generated, Current staffIdCounter: 2
INFO:pythonCode.User:User initialized
INFO:root:Student created with ID: 150022001
INFO:root:Getting all JSON files from C:\Users\omery\PycharmProjects\CSE3063F24P1_GRP11\Advisors
INFO:root:Loaded dict from JSON
INFO:root:Got all JSON files from C:\Users\omery\PycharmProjects\CSE3063F24P1_GRP11\Advisors
INFO:User:Advisor initialized
INFO:User:Lecturer initialized
INFO:User:Staff initialized
INFO:User:User initialized
INFO:User:StaffId initialized
INFO:User:Staff ID generated, Current staffIdCounter: 2
INFO:User:StaffId initialized
INFO:User:Staff ID generated, Current staffIdCounter: 3
INFO:root:Getting all JSON files from C:\Users\omery\PycharmProjects\CSE3063F24P1_GRP11\Lecturers
INFO:root:Loaded dict from JSON
INFO:root:Got all JSON files from C:\Users\omery\PycharmProjects\CSE3063F24P1_GRP11\Lecturers
INFO:User:Lecturer initialized
INFO:User:Staff initialized
INFO:User:User initialized
INFO:User:StaffId initialized
INFO:User:Staff ID generated, Current staffIdCounter: 4
INFO:User:StaffId initialized
INFO:User:Staff ID generated, Current staffIdCounter: 5
INFO:root:Getting all JSON files from C:\Users\omery\PycharmProjects\CSE3063F24P1_GRP11\DepartmentSchedulers
INFO:root:Loaded dict from JSON
INFO:root:Got all JSON files from C:\Users\omery\PycharmProjects\CSE3063F24P1_GRP11\DepartmentSchedulers
INFO:User:DepartmentScheduler initialized
INFO:User:Staff initialized
INFO:User:User initialized
INFO:User:StaffId initialized
INFO:User:Staff ID generated, Current staffIdCounter: 6
INFO:User:StaffId initialized
INFO:User:Staff ID generated, Current staffIdCounter: 7
INFO:root:Getting all JSON files from C:\Users\omery\PycharmProjects\CSE3063F24P1_GRP11\StudentsAffairss
INFO:root:Loaded dict from JSON
INFO:root:Got all JSON files from C:\Users\omery\PycharmProjects\CSE3063F24P1_GRP11\StudentsAffairss
INFO:User:StudentsAffairs initialized
INFO:User:Staff initialized
INFO:User:User initialized
INFO:User:StaffId initialized
INFO:User:Staff ID generated, Current staffIdCounter: 8
INFO:User:StaffId initialized
INFO:User:Staff ID generated, Current staffIdCounter: 9
INFO:root:Getting all JSON files from C:\Users\omery\PycharmProjects\CSE3063F24P1_GRP11\Courses
INFO:root:Loaded dict from JSON
INFO:root:Got all JSON files from C:\Users\omery\PycharmProjects\CSE3063F24P1_GRP11\Courses
INFO:root:Creating FacultyID with ID: 15, Name: eng
INFO:User:Lecturer initialized
INFO:User:Staff initialized
INFO:User:User initialized
INFO:User:StaffId initialized
INFO:User:Staff ID generated, Current staffIdCounter: 10
INFO:User:StaffId initialized
INFO:User:Staff ID generated, Current staffIdCounter: 11
INFO:User:get_staffId called: <User.StaffId object at 0x00000227D318B950>
INFO:User:get_staffId called: 1
INFO:User:get_staffId called: <User.StaffId object at 0x00000227D318B950>
INFO:User:get_staffId called: 1
INFO:User:get_staffId called: <User.StaffId object at 0x00000227D5334D40>
INFO:User:get_staffId called: 2
INFO:User:get_staffId called: <User.StaffId object at 0x00000227D5334D40>
INFO:User:get_staffId called: 2
INFO:User:get_staffId called: <User.StaffId object at 0x00000227D5334E90>
INFO:User:get_staffId called: 4
INFO:User:get_staffId called: <User.StaffId object at 0x00000227D5334E90>
INFO:User:get_staffId called: 4
INFO:User:get_staffId called: <User.StaffId object at 0x00000227D5334FE0>
INFO:User:get_staffId called: 3
INFO:pythonCode.User:changeStaticCounter called
INFO:root:Hashing password
INFO:root:Password hashed successfully
INFO:pythonCode.User:Admin initialized
INFO:pythonCode.User:Staff initialized
INFO:pythonCode.User:User initialized
INFO:pythonCode.User:StaffId initialized
INFO:pythonCode.User:Staff ID generated, Current staffIdCounter: 5
INFO:User:get_departmentId called
INFO:User:get_departmentId called
INFO:root:Trying to log in with email: burakerol@marun.edu.tr
INFO:pythonCode.User:getUserInformation called
INFO:root:Checking email: burakerol@marun.edu.tr
INFO:root:Login successful for email: burakerol@marun.edu.tr
INFO:root:Student 150022001 attempting to take course <Course.Course object at 0x00000227D52C55E0>.
INFO:root:Initializing LoginAuthService
INFO:root:Getting all JSON files from C:\Users\omery\PycharmProjects\CSE3063F24P1_GRP11\Facultys
INFO:root:Loaded dict from JSON
INFO:root:Got all JSON files from C:\Users\omery\PycharmProjects\CSE3063F24P1_GRP11\Facultys
INFO:root:Getting all JSON files from C:\Users\omery\PycharmProjects\CSE3063F24P1_GRP11\Departments
INFO:root:Loaded dict from JSON
INFO:root:Got all JSON files from C:\Users\omery\PycharmProjects\CSE3063F24P1_GRP11\Departments
INFO:root:Creating FacultyID with ID: 15, Name: eng
INFO:root:Getting all JSON files from C:\Users\omery\PycharmProjects\CSE3063F24P1_GRP11\Students
INFO:root:Loaded dict from JSON
INFO:root:Got all JSON files from C:\Users\omery\PycharmProjects\CSE3063F24P1_GRP11\Students
INFO:root:Creating FacultyID with ID: 15, Name: eng
INFO:root:Student ID created: 150022001 (Department: 150, Entrance Date: 2022, Rank: 1)
INFO:root:Creating FacultyID with ID: 15, Name: eng
INFO:root:Student ID created: 150022001 (Department: 150, Entrance Date: 2022, Rank: 1)
INFO:root:Transcript created for student ID: 150022001
INFO:root:Adding courses to transcript for student ID: 150022001. Courses: []
INFO:root:Courses added. New GPA: 0.00
INFO:pythonCode.User:StaffId initialized
INFO:pythonCode.User:Staff ID generated, Current staffIdCounter: 2
INFO:pythonCode.User:User initialized
INFO:root:Student created with ID: 150022001
INFO:root:Getting all JSON files from C:\Users\omery\PycharmProjects\CSE3063F24P1_GRP11\Advisors
INFO:root:Loaded dict from JSON
INFO:root:Got all JSON files from C:\Users\omery\PycharmProjects\CSE3063F24P1_GRP11\Advisors
INFO:User:Advisor initialized
INFO:User:Lecturer initialized
INFO:User:Staff initialized
INFO:User:User initialized
INFO:User:StaffId initialized
INFO:User:Staff ID generated, Current staffIdCounter: 2
INFO:User:StaffId initialized
INFO:User:Staff ID generated, Current staffIdCounter: 3
INFO:root:Getting all JSON files from C:\Users\omery\PycharmProjects\CSE3063F24P1_GRP11\Lecturers
INFO:root:Loaded dict from JSON
INFO:root:Got all JSON files from C:\Users\omery\PycharmProjects\CSE3063F24P1_GRP11\Lecturers
INFO:User:Lecturer initialized
INFO:User:Staff initialized
INFO:User:User initialized
INFO:User:StaffId initialized
INFO:User:Staff ID generated, Current staffIdCounter: 4
INFO:User:StaffId initialized
INFO:User:Staff ID generated, Current staffIdCounter: 5
INFO:root:Getting all JSON files from C:\Users\omery\PycharmProjects\CSE3063F24P1_GRP11\DepartmentSchedulers
INFO:root:Loaded dict from JSON
INFO:root:Got all JSON files from C:\Users\omery\PycharmProjects\CSE3063F24P1_GRP11\DepartmentSchedulers
INFO:User:DepartmentScheduler initialized
INFO:User:Staff initialized
INFO:User:User initialized
INFO:User:StaffId initialized
INFO:User:Staff ID generated, Current staffIdCounter: 6
INFO:User:StaffId initialized
INFO:User:Staff ID generated, Current staffIdCounter: 7
INFO:root:Getting all JSON files from C:\Users\omery\PycharmProjects\CSE3063F24P1_GRP11\StudentsAffairss
INFO:root:Loaded dict from JSON
INFO:root:Got all JSON files from C:\Users\omery\PycharmProjects\CSE3063F24P1_GRP11\StudentsAffairss
INFO:User:StudentsAffairs initialized
INFO:User:Staff initialized
INFO:User:User initialized
INFO:User:StaffId initialized
INFO:User:Staff ID generated, Current staffIdCounter: 8
INFO:User:StaffId initialized
INFO:User:Staff ID generated, Current staffIdCounter: 9
INFO:root:Getting all JSON files from C:\Users\omery\PycharmProjects\CSE3063F24P1_GRP11\Courses
INFO:root:Loaded dict from JSON
INFO:root:Got all JSON files from C:\Users\omery\PycharmProjects\CSE3063F24P1_GRP11\Courses
INFO:root:Creating FacultyID with ID: 15, Name: eng
INFO:User:Lecturer initialized
INFO:User:Staff initialized
INFO:User:User initialized
INFO:User:StaffId initialized
INFO:User:Staff ID generated, Current staffIdCounter: 10
INFO:User:StaffId initialized
INFO:User:Staff ID generated, Current staffIdCounter: 11
INFO:User:get_staffId called: <User.StaffId object at 0x00000276FE9AB950>
INFO:User:get_staffId called: 1
INFO:User:get_staffId called: <User.StaffId object at 0x00000276FE9AB950>
INFO:User:get_staffId called: 1
INFO:User:get_staffId called: <User.StaffId object at 0x00000276FF7B4D10>
INFO:User:get_staffId called: 2
INFO:User:get_staffId called: <User.StaffId object at 0x00000276FF7B4D10>
INFO:User:get_staffId called: 2
INFO:User:get_staffId called: <User.StaffId object at 0x00000276FF7B4E60>
INFO:User:get_staffId called: 4
INFO:User:get_staffId called: <User.StaffId object at 0x00000276FF7B4E60>
INFO:User:get_staffId called: 4
INFO:User:get_staffId called: <User.StaffId object at 0x00000276FF7B4FB0>
INFO:User:get_staffId called: 3
INFO:pythonCode.User:changeStaticCounter called
INFO:root:Hashing password
INFO:root:Password hashed successfully
INFO:pythonCode.User:Admin initialized
INFO:pythonCode.User:Staff initialized
INFO:pythonCode.User:User initialized
INFO:pythonCode.User:StaffId initialized
INFO:pythonCode.User:Staff ID generated, Current staffIdCounter: 5
INFO:User:get_departmentId called
INFO:User:get_departmentId called
INFO:root:Trying to log in with email: burakerol@marun.edu.tr
INFO:pythonCode.User:getUserInformation called
INFO:root:Checking email: burakerol@marun.edu.tr
INFO:root:Login successful for email: burakerol@marun.edu.tr
INFO:root:Student 150022001 attempting to take course <Course.Course object at 0x00000276FF7455E0>.
INFO:root:Student 150022001 successfully enrolled in course <Course.Course object at 0x00000276FF7455E0>.
INFO:root:Trying to log in with email: boratokgoz@marun.edu.tr
INFO:pythonCode.User:getUserInformation called
INFO:root:Checking email: burakerol@marun.edu.tr
INFO:User:getUserInformation called
INFO:root:Checking email: boratokgoz@marun.edu.tr
INFO:root:Login successful for email: boratokgoz@marun.edu.tr
INFO:User:get_staffId called: <User.StaffId object at 0x00000276FE9AB950>
