INFO:root:Initializing Main
INFO:root:Initializing LoginAuthService
INFO:root:Getting all data
INFO:root:Getting all JSON files from C:\Users\omeri\PycharmProjects\CSE3063F24P1_GRP11\Facultys
INFO:root:Loaded dict from JSON
INFO:root:Got all JSON files from C:\Users\omeri\PycharmProjects\CSE3063F24P1_GRP11\Facultys
INFO:root:Getting all JSON files from C:\Users\omeri\PycharmProjects\CSE3063F24P1_GRP11\Departments
INFO:root:Loaded dict from JSON
INFO:root:Got all JSON files from C:\Users\omeri\PycharmProjects\CSE3063F24P1_GRP11\Departments
INFO:root:Creating FacultyID with ID: 15, Name: eng
INFO:root:Getting all JSON files from C:\Users\omeri\PycharmProjects\CSE3063F24P1_GRP11\Students
INFO:root:Loaded dict from JSON
INFO:root:Got all JSON files from C:\Users\omeri\PycharmProjects\CSE3063F24P1_GRP11\Students
INFO:root:Creating FacultyID with ID: 15, Name: eng
INFO:root:Student ID created: 150022001 (Department: 150, Entrance Date: 2022, Rank: 1)
INFO:root:Creating FacultyID with ID: 15, Name: eng
INFO:root:Student ID created: 150022001 (Department: 150, Entrance Date: 2022, Rank: 1)
INFO:root:Transcript created for student ID: 150022001
INFO:root:Adding courses to transcript for student ID: 150022001. Courses: []
INFO:root:Courses added. New GPA: 0.00
INFO:pythonCode.User:StaffId initialized
INFO:pythonCode.User:Staff ID generated, Current staffIdCounter: 2
INFO:pythonCode.User:User initialized
INFO:root:Student created with ID: 150022001
INFO:root:Getting all JSON files from C:\Users\omeri\PycharmProjects\CSE3063F24P1_GRP11\Advisors
INFO:root:Loaded dict from JSON
INFO:root:Got all JSON files from C:\Users\omeri\PycharmProjects\CSE3063F24P1_GRP11\Advisors
INFO:User:Advisor initialized
INFO:User:Lecturer initialized
INFO:User:Staff initialized
INFO:User:User initialized
INFO:User:StaffId initialized
INFO:User:Staff ID generated, Current staffIdCounter: 2
INFO:User:StaffId initialized
INFO:User:Staff ID generated, Current staffIdCounter: 3
INFO:root:Getting all JSON files from C:\Users\omeri\PycharmProjects\CSE3063F24P1_GRP11\Lecturers
INFO:root:Loaded dict from JSON
INFO:root:Got all JSON files from C:\Users\omeri\PycharmProjects\CSE3063F24P1_GRP11\Lecturers
INFO:User:Lecturer initialized
INFO:User:Staff initialized
INFO:User:User initialized
INFO:User:StaffId initialized
INFO:User:Staff ID generated, Current staffIdCounter: 4
INFO:User:StaffId initialized
INFO:User:Staff ID generated, Current staffIdCounter: 5
INFO:root:Getting all JSON files from C:\Users\omeri\PycharmProjects\CSE3063F24P1_GRP11\DepartmentSchedulers
INFO:root:Loaded dict from JSON
INFO:root:Got all JSON files from C:\Users\omeri\PycharmProjects\CSE3063F24P1_GRP11\DepartmentSchedulers
INFO:User:DepartmentScheduler initialized
INFO:User:Staff initialized
INFO:User:User initialized
INFO:User:StaffId initialized
INFO:User:Staff ID generated, Current staffIdCounter: 6
INFO:User:StaffId initialized
INFO:User:Staff ID generated, Current staffIdCounter: 7
INFO:root:Getting all JSON files from C:\Users\omeri\PycharmProjects\CSE3063F24P1_GRP11\DepartmentHeads
INFO:root:Loaded dict from JSON
INFO:root:Got all JSON files from C:\Users\omeri\PycharmProjects\CSE3063F24P1_GRP11\DepartmentHeads
INFO:User:Staff initialized
INFO:User:User initialized
INFO:User:StaffId initialized
INFO:User:Staff ID generated, Current staffIdCounter: 8
INFO:User:StaffId initialized
INFO:User:Staff ID generated, Current staffIdCounter: 9
INFO:root:Getting all JSON files from C:\Users\omeri\PycharmProjects\CSE3063F24P1_GRP11\StudentsAffairss
INFO:root:Loaded dict from JSON
INFO:root:Got all JSON files from C:\Users\omeri\PycharmProjects\CSE3063F24P1_GRP11\StudentsAffairss
INFO:User:StudentsAffairs initialized
INFO:User:Staff initialized
INFO:User:User initialized
INFO:User:StaffId initialized
INFO:User:Staff ID generated, Current staffIdCounter: 10
INFO:User:StaffId initialized
INFO:User:Staff ID generated, Current staffIdCounter: 11
INFO:root:Getting all JSON files from C:\Users\omeri\PycharmProjects\CSE3063F24P1_GRP11\Courses
INFO:root:Loaded dict from JSON
INFO:root:Got all JSON files from C:\Users\omeri\PycharmProjects\CSE3063F24P1_GRP11\Courses
INFO:root:Creating FacultyID with ID: 15, Name: eng
INFO:User:Lecturer initialized
INFO:User:Staff initialized
INFO:User:User initialized
INFO:User:StaffId initialized
INFO:User:Staff ID generated, Current staffIdCounter: 12
INFO:User:StaffId initialized
INFO:User:Staff ID generated, Current staffIdCounter: 13
INFO:root:Data retrieved successfully
INFO:root:Changing static staff ID
INFO:User:get_staffId called: <User.StaffId object at 0x00000228BD039810>
INFO:User:get_staffId called: 1
INFO:User:get_staffId called: <User.StaffId object at 0x00000228BD039810>
INFO:User:get_staffId called: 1
INFO:User:get_staffId called: <User.StaffId object at 0x00000228BCF91220>
INFO:User:get_staffId called: 2
INFO:User:get_staffId called: <User.StaffId object at 0x00000228BCF91220>
INFO:User:get_staffId called: 2
INFO:User:get_staffId called: <User.StaffId object at 0x00000228BD046570>
INFO:User:get_staffId called: 4
INFO:User:get_staffId called: <User.StaffId object at 0x00000228BD046570>
INFO:User:get_staffId called: 4
INFO:User:get_staffId called: <User.StaffId object at 0x00000228BCF97250>
INFO:User:get_staffId called: 3
INFO:pythonCode.User:changeStaticCounter called
INFO:root:Static staff ID changed successfully to 4
INFO:pythonCode.User:Admin initialized
INFO:pythonCode.User:Staff initialized
INFO:pythonCode.User:User initialized
INFO:pythonCode.User:StaffId initialized
INFO:pythonCode.User:Staff ID generated, Current staffIdCounter: 5
INFO:root:Users added to login service
INFO:User:get_departmentId called
INFO:User:get_departmentId called
INFO:root:Program starting
INFO:root:Start menu
INFO:root:Login menu
INFO:root:Trying to log in with email: ceydauz@marun.edu.tr
INFO:pythonCode.User:getUserInformation called
INFO:root:Checking email: ceydauz@marun.edu.tr
INFO:root:Login successful for email: ceydauz@marun.edu.tr
INFO:pythonCode.User:getUserInformation called
INFO:root:Student main menu for user ceydauz@marun.edu.tr
INFO:root:Registering for a course
INFO:root:Student 150022001 attempting to take course <Course.Course object at 0x00000228BD07DE80>.
INFO:root:Student 150022001 successfully enrolled in course <Course.Course object at 0x00000228BD07DE80>.
INFO:pythonCode.User:getUserInformation called
INFO:root:Student main menu for user ceydauz@marun.edu.tr
INFO:root:Start menu
INFO:root:Login menu
INFO:root:Trying to log in with email: alierdogan@marun.edu.tr
INFO:pythonCode.User:getUserInformation called
INFO:root:Checking email: ceydauz@marun.edu.tr
INFO:User:getUserInformation called
INFO:root:Checking email: alierdogan@marun.edu.tr
INFO:root:Login successful for email: alierdogan@marun.edu.tr
INFO:User:getUserInformation called
INFO:root:Advisor main menu for user alierdogan@marun.edu.tr
INFO:User:getUserInformation called
INFO:root:Checking registration for advisor alierdogan@marun.edu.tr
INFO:User:get_staffId called: <User.StaffId object at 0x00000228BD039810>
INFO:User:get_staffId called: 1
INFO:pythonCode.User:get_staffId called: 1
INFO:pythonCode.User:getUserInformation called
INFO:User:checkCourseRequest called
INFO:root:Getting FacultyID: 15
INFO:User:approveCourseRequest called
INFO:root:Saving Student to JSON
INFO:pythonCode.User:getUserInformation called
INFO:root:Saving Student with university email: ceydauz@marun.edu.tr
INFO:root:Saved Student to JSON
INFO:User:getUserInformation called
INFO:root:Advisor main menu for user alierdogan@marun.edu.tr
INFO:root:Start menu
INFO:root:Exiting program
INFO:root:Initializing Main
INFO:root:Initializing LoginAuthService
INFO:root:Getting all data
INFO:root:Getting all JSON files from C:\Users\omeri\PycharmProjects\CSE3063F24P1_GRP11\Facultys
INFO:root:Loaded dict from JSON
INFO:root:Got all JSON files from C:\Users\omeri\PycharmProjects\CSE3063F24P1_GRP11\Facultys
INFO:root:Getting all JSON files from C:\Users\omeri\PycharmProjects\CSE3063F24P1_GRP11\Departments
INFO:root:Loaded dict from JSON
INFO:root:Got all JSON files from C:\Users\omeri\PycharmProjects\CSE3063F24P1_GRP11\Departments
INFO:root:Creating FacultyID with ID: 15, Name: eng
INFO:root:Getting all JSON files from C:\Users\omeri\PycharmProjects\CSE3063F24P1_GRP11\Students
INFO:root:Loaded dict from JSON
INFO:root:Got all JSON files from C:\Users\omeri\PycharmProjects\CSE3063F24P1_GRP11\Students
INFO:root:Creating FacultyID with ID: 15, Name: eng
INFO:root:Student ID created: 150022001 (Department: 150, Entrance Date: 2022, Rank: 1)
INFO:root:Creating FacultyID with ID: 15, Name: eng
INFO:root:Student ID created: 150022001 (Department: 150, Entrance Date: 2022, Rank: 1)
INFO:root:Transcript created for student ID: 150022001
INFO:root:Adding courses to transcript for student ID: 150022001. Courses: []
INFO:root:Courses added. New GPA: 0.00
INFO:pythonCode.User:StaffId initialized
INFO:pythonCode.User:Staff ID generated, Current staffIdCounter: 2
INFO:pythonCode.User:User initialized
INFO:root:Student created with ID: 150022001
INFO:root:Getting all JSON files from C:\Users\omeri\PycharmProjects\CSE3063F24P1_GRP11\Advisors
INFO:root:Loaded dict from JSON
INFO:root:Got all JSON files from C:\Users\omeri\PycharmProjects\CSE3063F24P1_GRP11\Advisors
INFO:User:Advisor initialized
INFO:User:Lecturer initialized
INFO:User:Staff initialized
INFO:User:User initialized
INFO:User:StaffId initialized
INFO:User:Staff ID generated, Current staffIdCounter: 2
INFO:User:StaffId initialized
INFO:User:Staff ID generated, Current staffIdCounter: 3
INFO:root:Getting all JSON files from C:\Users\omeri\PycharmProjects\CSE3063F24P1_GRP11\Lecturers
INFO:root:Loaded dict from JSON
INFO:root:Got all JSON files from C:\Users\omeri\PycharmProjects\CSE3063F24P1_GRP11\Lecturers
INFO:User:Lecturer initialized
INFO:User:Staff initialized
INFO:User:User initialized
INFO:User:StaffId initialized
INFO:User:Staff ID generated, Current staffIdCounter: 4
INFO:User:StaffId initialized
INFO:User:Staff ID generated, Current staffIdCounter: 5
INFO:root:Getting all JSON files from C:\Users\omeri\PycharmProjects\CSE3063F24P1_GRP11\DepartmentSchedulers
INFO:root:Loaded dict from JSON
INFO:root:Got all JSON files from C:\Users\omeri\PycharmProjects\CSE3063F24P1_GRP11\DepartmentSchedulers
INFO:User:DepartmentScheduler initialized
INFO:User:Staff initialized
INFO:User:User initialized
INFO:User:StaffId initialized
INFO:User:Staff ID generated, Current staffIdCounter: 6
INFO:User:StaffId initialized
INFO:User:Staff ID generated, Current staffIdCounter: 7
INFO:root:Getting all JSON files from C:\Users\omeri\PycharmProjects\CSE3063F24P1_GRP11\DepartmentHeads
INFO:root:Loaded dict from JSON
INFO:root:Got all JSON files from C:\Users\omeri\PycharmProjects\CSE3063F24P1_GRP11\DepartmentHeads
INFO:User:Staff initialized
INFO:User:User initialized
INFO:User:StaffId initialized
INFO:User:Staff ID generated, Current staffIdCounter: 8
INFO:User:StaffId initialized
INFO:User:Staff ID generated, Current staffIdCounter: 9
INFO:root:Getting all JSON files from C:\Users\omeri\PycharmProjects\CSE3063F24P1_GRP11\StudentsAffairss
INFO:root:Loaded dict from JSON
INFO:root:Got all JSON files from C:\Users\omeri\PycharmProjects\CSE3063F24P1_GRP11\StudentsAffairss
INFO:User:StudentsAffairs initialized
INFO:User:Staff initialized
INFO:User:User initialized
INFO:User:StaffId initialized
INFO:User:Staff ID generated, Current staffIdCounter: 10
INFO:User:StaffId initialized
INFO:User:Staff ID generated, Current staffIdCounter: 11
INFO:root:Getting all JSON files from C:\Users\omeri\PycharmProjects\CSE3063F24P1_GRP11\Courses
INFO:root:Loaded dict from JSON
INFO:root:Got all JSON files from C:\Users\omeri\PycharmProjects\CSE3063F24P1_GRP11\Courses
INFO:root:Creating FacultyID with ID: 15, Name: eng
INFO:User:Lecturer initialized
INFO:User:Staff initialized
INFO:User:User initialized
INFO:User:StaffId initialized
INFO:User:Staff ID generated, Current staffIdCounter: 12
INFO:User:StaffId initialized
INFO:User:Staff ID generated, Current staffIdCounter: 13
INFO:root:Data retrieved successfully
INFO:root:Changing static staff ID
INFO:User:get_staffId called: <User.StaffId object at 0x0000023956D39810>
INFO:User:get_staffId called: 1
INFO:User:get_staffId called: <User.StaffId object at 0x0000023956D39810>
INFO:User:get_staffId called: 1
INFO:User:get_staffId called: <User.StaffId object at 0x0000023956C91220>
INFO:User:get_staffId called: 2
INFO:User:get_staffId called: <User.StaffId object at 0x0000023956C91220>
INFO:User:get_staffId called: 2
INFO:User:get_staffId called: <User.StaffId object at 0x0000023956D4A570>
INFO:User:get_staffId called: 4
INFO:User:get_staffId called: <User.StaffId object at 0x0000023956D4A570>
INFO:User:get_staffId called: 4
INFO:User:get_staffId called: <User.StaffId object at 0x0000023956C97250>
INFO:User:get_staffId called: 3
INFO:pythonCode.User:changeStaticCounter called
INFO:root:Static staff ID changed successfully to 4
INFO:pythonCode.User:Admin initialized
INFO:pythonCode.User:Staff initialized
INFO:pythonCode.User:User initialized
INFO:pythonCode.User:StaffId initialized
INFO:pythonCode.User:Staff ID generated, Current staffIdCounter: 5
INFO:root:Users added to login service
INFO:User:get_departmentId called
INFO:User:get_departmentId called
INFO:root:Program starting
INFO:root:Start menu
INFO:root:Login menu
INFO:root:Trying to log in with email: ceydauz@marun.edu.tr
INFO:pythonCode.User:getUserInformation called
INFO:root:Checking email: ceydauz@marun.edu.tr
INFO:root:Login successful for email: ceydauz@marun.edu.tr
INFO:pythonCode.User:getUserInformation called
INFO:root:Student main menu for user ceydauz@marun.edu.tr
INFO:pythonCode.User:getUserInformation called
INFO:root:Showing current courses for user ceydauz@marun.edu.tr
INFO:pythonCode.User:getUserInformation called
INFO:root:Student main menu for user ceydauz@marun.edu.tr
INFO:root:Start menu
INFO:root:Exiting program
INFO:root:Initializing Main
INFO:root:Initializing LoginAuthService
INFO:root:Getting all data
INFO:root:Getting all JSON files from C:\Users\omeri\PycharmProjects\CSE3063F24P1_GRP11\Facultys
INFO:root:Loaded dict from JSON
INFO:root:Got all JSON files from C:\Users\omeri\PycharmProjects\CSE3063F24P1_GRP11\Facultys
INFO:root:Getting all JSON files from C:\Users\omeri\PycharmProjects\CSE3063F24P1_GRP11\Departments
INFO:root:Loaded dict from JSON
INFO:root:Got all JSON files from C:\Users\omeri\PycharmProjects\CSE3063F24P1_GRP11\Departments
INFO:root:Creating FacultyID with ID: 15, Name: eng
INFO:root:Getting all JSON files from C:\Users\omeri\PycharmProjects\CSE3063F24P1_GRP11\Students
INFO:root:Loaded dict from JSON
INFO:root:Got all JSON files from C:\Users\omeri\PycharmProjects\CSE3063F24P1_GRP11\Students
INFO:root:Creating FacultyID with ID: 15, Name: eng
INFO:root:Student ID created: 150022001 (Department: 150, Entrance Date: 2022, Rank: 1)
INFO:root:Creating FacultyID with ID: 15, Name: eng
INFO:root:Student ID created: 150022001 (Department: 150, Entrance Date: 2022, Rank: 1)
INFO:root:Transcript created for student ID: 150022001
INFO:root:Adding courses to transcript for student ID: 150022001. Courses: []
INFO:root:Courses added. New GPA: 0.00
INFO:pythonCode.User:StaffId initialized
INFO:pythonCode.User:Staff ID generated, Current staffIdCounter: 2
INFO:pythonCode.User:User initialized
INFO:root:Student created with ID: 150022001
INFO:root:Getting all JSON files from C:\Users\omeri\PycharmProjects\CSE3063F24P1_GRP11\Advisors
INFO:root:Loaded dict from JSON
INFO:root:Got all JSON files from C:\Users\omeri\PycharmProjects\CSE3063F24P1_GRP11\Advisors
INFO:User:Advisor initialized
INFO:User:Lecturer initialized
INFO:User:Staff initialized
INFO:User:User initialized
INFO:User:StaffId initialized
INFO:User:Staff ID generated, Current staffIdCounter: 2
INFO:User:StaffId initialized
INFO:User:Staff ID generated, Current staffIdCounter: 3
INFO:root:Getting all JSON files from C:\Users\omeri\PycharmProjects\CSE3063F24P1_GRP11\Lecturers
INFO:root:Loaded dict from JSON
INFO:root:Got all JSON files from C:\Users\omeri\PycharmProjects\CSE3063F24P1_GRP11\Lecturers
INFO:User:Lecturer initialized
INFO:User:Staff initialized
INFO:User:User initialized
INFO:User:StaffId initialized
INFO:User:Staff ID generated, Current staffIdCounter: 4
INFO:User:StaffId initialized
INFO:User:Staff ID generated, Current staffIdCounter: 5
INFO:root:Getting all JSON files from C:\Users\omeri\PycharmProjects\CSE3063F24P1_GRP11\DepartmentSchedulers
INFO:root:Loaded dict from JSON
INFO:root:Got all JSON files from C:\Users\omeri\PycharmProjects\CSE3063F24P1_GRP11\DepartmentSchedulers
INFO:User:DepartmentScheduler initialized
INFO:User:Staff initialized
INFO:User:User initialized
INFO:User:StaffId initialized
INFO:User:Staff ID generated, Current staffIdCounter: 6
INFO:User:StaffId initialized
INFO:User:Staff ID generated, Current staffIdCounter: 7
INFO:root:Getting all JSON files from C:\Users\omeri\PycharmProjects\CSE3063F24P1_GRP11\DepartmentHeads
INFO:root:Loaded dict from JSON
INFO:root:Got all JSON files from C:\Users\omeri\PycharmProjects\CSE3063F24P1_GRP11\DepartmentHeads
INFO:User:Staff initialized
INFO:User:User initialized
INFO:User:StaffId initialized
INFO:User:Staff ID generated, Current staffIdCounter: 8
INFO:User:StaffId initialized
INFO:User:Staff ID generated, Current staffIdCounter: 9
INFO:root:Getting all JSON files from C:\Users\omeri\PycharmProjects\CSE3063F24P1_GRP11\StudentsAffairss
INFO:root:Loaded dict from JSON
INFO:root:Got all JSON files from C:\Users\omeri\PycharmProjects\CSE3063F24P1_GRP11\StudentsAffairss
INFO:User:StudentsAffairs initialized
INFO:User:Staff initialized
INFO:User:User initialized
INFO:User:StaffId initialized
INFO:User:Staff ID generated, Current staffIdCounter: 10
INFO:User:StaffId initialized
INFO:User:Staff ID generated, Current staffIdCounter: 11
INFO:root:Getting all JSON files from C:\Users\omeri\PycharmProjects\CSE3063F24P1_GRP11\Courses
INFO:root:Loaded dict from JSON
INFO:root:Got all JSON files from C:\Users\omeri\PycharmProjects\CSE3063F24P1_GRP11\Courses
INFO:root:Creating FacultyID with ID: 15, Name: eng
INFO:User:Lecturer initialized
INFO:User:Staff initialized
INFO:User:User initialized
INFO:User:StaffId initialized
INFO:User:Staff ID generated, Current staffIdCounter: 12
INFO:User:StaffId initialized
INFO:User:Staff ID generated, Current staffIdCounter: 13
INFO:root:Data retrieved successfully
INFO:root:Changing static staff ID
INFO:User:get_staffId called: <User.StaffId object at 0x000001DB92DE9810>
INFO:User:get_staffId called: 1
INFO:User:get_staffId called: <User.StaffId object at 0x000001DB92DE9810>
INFO:User:get_staffId called: 1
INFO:User:get_staffId called: <User.StaffId object at 0x000001DB92D41220>
INFO:User:get_staffId called: 2
INFO:User:get_staffId called: <User.StaffId object at 0x000001DB92D41220>
INFO:User:get_staffId called: 2
INFO:User:get_staffId called: <User.StaffId object at 0x000001DB92DFA570>
INFO:User:get_staffId called: 4
INFO:User:get_staffId called: <User.StaffId object at 0x000001DB92DFA570>
INFO:User:get_staffId called: 4
INFO:User:get_staffId called: <User.StaffId object at 0x000001DB92D47250>
INFO:User:get_staffId called: 3
INFO:pythonCode.User:changeStaticCounter called
INFO:root:Static staff ID changed successfully to 4
INFO:pythonCode.User:Admin initialized
INFO:pythonCode.User:Staff initialized
INFO:pythonCode.User:User initialized
INFO:pythonCode.User:StaffId initialized
INFO:pythonCode.User:Staff ID generated, Current staffIdCounter: 5
INFO:root:Users added to login service
INFO:User:get_departmentId called
INFO:User:get_departmentId called
INFO:root:Program starting
INFO:root:Start menu
INFO:root:Login menu
INFO:root:Trying to log in with email: esragoksel@marun.edu.tr
INFO:pythonCode.User:getUserInformation called
INFO:root:Checking email: ceydauz@marun.edu.tr
INFO:User:getUserInformation called
INFO:root:Checking email: alierdogan@marun.edu.tr
INFO:User:getUserInformation called
INFO:root:Checking email: ceydakara@marun.edu.tr
INFO:User:getUserInformation called
INFO:root:Checking email: ademkilic@marun.edu.tr
INFO:User:getUserInformation called
INFO:root:Checking email: muratkaratas@marun.edu.tr
INFO:User:getUserInformation called
INFO:root:Checking email: esragoksel@marun.edu.tr
INFO:root:Login successful for email: esragoksel@marun.edu.tr
INFO:root:Course found
INFO:root:Saving Course to JSON
INFO:root:Saving Course with course name: test
INFO:root:Saved Course to JSON
INFO:root:Start menu
INFO:root:Exiting program
INFO:root:Initializing Main
INFO:root:Initializing LoginAuthService
INFO:root:Getting all data
INFO:root:Getting all JSON files from C:\Users\omeri\PycharmProjects\CSE3063F24P1_GRP11\Facultys
INFO:root:Loaded dict from JSON
INFO:root:Got all JSON files from C:\Users\omeri\PycharmProjects\CSE3063F24P1_GRP11\Facultys
INFO:root:Getting all JSON files from C:\Users\omeri\PycharmProjects\CSE3063F24P1_GRP11\Departments
INFO:root:Loaded dict from JSON
INFO:root:Got all JSON files from C:\Users\omeri\PycharmProjects\CSE3063F24P1_GRP11\Departments
INFO:root:Creating FacultyID with ID: 15, Name: eng
INFO:root:Getting all JSON files from C:\Users\omeri\PycharmProjects\CSE3063F24P1_GRP11\Students
INFO:root:Loaded dict from JSON
INFO:root:Got all JSON files from C:\Users\omeri\PycharmProjects\CSE3063F24P1_GRP11\Students
INFO:root:Creating FacultyID with ID: 15, Name: eng
INFO:root:Student ID created: 150022001 (Department: 150, Entrance Date: 2022, Rank: 1)
INFO:root:Creating FacultyID with ID: 15, Name: eng
INFO:root:Student ID created: 150022001 (Department: 150, Entrance Date: 2022, Rank: 1)
INFO:root:Transcript created for student ID: 150022001
INFO:root:Adding courses to transcript for student ID: 150022001. Courses: []
INFO:root:Courses added. New GPA: 0.00
INFO:pythonCode.User:StaffId initialized
INFO:pythonCode.User:Staff ID generated, Current staffIdCounter: 2
INFO:pythonCode.User:User initialized
INFO:root:Student created with ID: 150022001
INFO:root:Getting all JSON files from C:\Users\omeri\PycharmProjects\CSE3063F24P1_GRP11\Advisors
INFO:root:Loaded dict from JSON
INFO:root:Got all JSON files from C:\Users\omeri\PycharmProjects\CSE3063F24P1_GRP11\Advisors
INFO:User:Advisor initialized
INFO:User:Lecturer initialized
INFO:User:Staff initialized
INFO:User:User initialized
INFO:User:StaffId initialized
INFO:User:Staff ID generated, Current staffIdCounter: 2
INFO:User:StaffId initialized
INFO:User:Staff ID generated, Current staffIdCounter: 3
INFO:root:Getting all JSON files from C:\Users\omeri\PycharmProjects\CSE3063F24P1_GRP11\Lecturers
INFO:root:Loaded dict from JSON
INFO:root:Got all JSON files from C:\Users\omeri\PycharmProjects\CSE3063F24P1_GRP11\Lecturers
INFO:User:Lecturer initialized
INFO:User:Staff initialized
INFO:User:User initialized
INFO:User:StaffId initialized
INFO:User:Staff ID generated, Current staffIdCounter: 4
INFO:User:StaffId initialized
INFO:User:Staff ID generated, Current staffIdCounter: 5
INFO:root:Getting all JSON files from C:\Users\omeri\PycharmProjects\CSE3063F24P1_GRP11\DepartmentSchedulers
INFO:root:Loaded dict from JSON
INFO:root:Got all JSON files from C:\Users\omeri\PycharmProjects\CSE3063F24P1_GRP11\DepartmentSchedulers
INFO:User:DepartmentScheduler initialized
INFO:User:Staff initialized
INFO:User:User initialized
INFO:User:StaffId initialized
INFO:User:Staff ID generated, Current staffIdCounter: 6
INFO:User:StaffId initialized
INFO:User:Staff ID generated, Current staffIdCounter: 7
INFO:root:Getting all JSON files from C:\Users\omeri\PycharmProjects\CSE3063F24P1_GRP11\DepartmentHeads
INFO:root:Loaded dict from JSON
INFO:root:Got all JSON files from C:\Users\omeri\PycharmProjects\CSE3063F24P1_GRP11\DepartmentHeads
INFO:User:Staff initialized
INFO:User:User initialized
INFO:User:StaffId initialized
INFO:User:Staff ID generated, Current staffIdCounter: 8
INFO:User:StaffId initialized
INFO:User:Staff ID generated, Current staffIdCounter: 9
INFO:root:Getting all JSON files from C:\Users\omeri\PycharmProjects\CSE3063F24P1_GRP11\StudentsAffairss
INFO:root:Loaded dict from JSON
INFO:root:Got all JSON files from C:\Users\omeri\PycharmProjects\CSE3063F24P1_GRP11\StudentsAffairss
INFO:User:StudentsAffairs initialized
INFO:User:Staff initialized
INFO:User:User initialized
INFO:User:StaffId initialized
INFO:User:Staff ID generated, Current staffIdCounter: 10
INFO:User:StaffId initialized
INFO:User:Staff ID generated, Current staffIdCounter: 11
INFO:root:Getting all JSON files from C:\Users\omeri\PycharmProjects\CSE3063F24P1_GRP11\Courses
INFO:root:Loaded dict from JSON
INFO:root:Got all JSON files from C:\Users\omeri\PycharmProjects\CSE3063F24P1_GRP11\Courses
INFO:root:Creating FacultyID with ID: 15, Name: eng
INFO:User:Lecturer initialized
INFO:User:Staff initialized
INFO:User:User initialized
INFO:User:StaffId initialized
INFO:User:Staff ID generated, Current staffIdCounter: 12
INFO:User:StaffId initialized
INFO:User:Staff ID generated, Current staffIdCounter: 13
INFO:root:Data retrieved successfully
INFO:root:Changing static staff ID
INFO:User:get_staffId called: <User.StaffId object at 0x0000019C188E56D0>
INFO:User:get_staffId called: 1
INFO:User:get_staffId called: <User.StaffId object at 0x0000019C188E56D0>
INFO:User:get_staffId called: 1
INFO:User:get_staffId called: <User.StaffId object at 0x0000019C187E0640>
INFO:User:get_staffId called: 2
INFO:User:get_staffId called: <User.StaffId object at 0x0000019C187E0640>
INFO:User:get_staffId called: 2
INFO:User:get_staffId called: <User.StaffId object at 0x0000019C1888A7B0>
INFO:User:get_staffId called: 4
INFO:User:get_staffId called: <User.StaffId object at 0x0000019C1888A7B0>
INFO:User:get_staffId called: 4
INFO:User:get_staffId called: <User.StaffId object at 0x0000019C187E6750>
INFO:User:get_staffId called: 3
INFO:pythonCode.User:changeStaticCounter called
INFO:root:Static staff ID changed successfully to 4
INFO:pythonCode.User:Admin initialized
INFO:pythonCode.User:Staff initialized
INFO:pythonCode.User:User initialized
INFO:pythonCode.User:StaffId initialized
INFO:pythonCode.User:Staff ID generated, Current staffIdCounter: 5
INFO:root:Users added to login service
INFO:User:get_departmentId called
INFO:User:get_departmentId called
INFO:root:Program starting
INFO:root:Start menu
INFO:root:Login menu
INFO:root:Trying to log in with email: esragoksel@marun.edu.tr
INFO:pythonCode.User:getUserInformation called
INFO:root:Checking email: ceydauz@marun.edu.tr
INFO:User:getUserInformation called
INFO:root:Checking email: alierdogan@marun.edu.tr
INFO:User:getUserInformation called
INFO:root:Checking email: ceydakara@marun.edu.tr
INFO:User:getUserInformation called
INFO:root:Checking email: ademkilic@marun.edu.tr
INFO:User:getUserInformation called
INFO:root:Checking email: muratkaratas@marun.edu.tr
INFO:User:getUserInformation called
INFO:root:Checking email: esragoksel@marun.edu.tr
INFO:root:Login successful for email: esragoksel@marun.edu.tr
INFO:root:Course found
INFO:root:Saving Course to JSON
INFO:root:Saving Course with course name: test
INFO:root:Saved Course to JSON
INFO:root:Start menu
INFO:root:Exiting program
