2024-12-23 13:16:11,502 - User - INFO - Student classes created.
2024-12-23 13:16:11,506 - User - INFO - Advisor classes created.
2024-12-23 13:16:11,509 - User - INFO - Lecturer classes created.
2024-12-23 13:16:11,510 - User - INFO - DepartmentScheduler classes created.
2024-12-23 13:16:11,511 - User - INFO - DepartmentHead classes created.
2024-12-23 13:16:11,513 - User - INFO - StudentsAffairs classes created.
2024-12-23 13:16:11,516 - User - INFO - Lecturer classes created.
2024-12-23 13:16:11,516 - User - INFO - Classroom classes created.
2024-12-23 13:16:11,516 - User - INFO - Lecturer classes created.
2024-12-23 13:16:11,517 - User - INFO - Classroom classes created.
2024-12-23 13:16:11,517 - Main - INFO - Staff ID counter changed
2024-12-23 13:16:11,523 - User - INFO - Admin classes created.
2024-12-23 13:16:11,523 - Main - INFO - All users added to the system
2024-12-23 13:16:11,523 - Main - INFO - Program started
2024-12-23 13:16:11,523 - Main - INFO - Start menu opened
2024-12-23 13:21:43,978 - User - INFO - Student classes created.
2024-12-23 13:21:43,979 - User - INFO - Advisor classes created.
2024-12-23 13:21:43,979 - User - INFO - Lecturer classes created.
2024-12-23 13:21:43,980 - User - INFO - DepartmentScheduler classes created.
2024-12-23 13:21:43,980 - User - INFO - DepartmentHead classes created.
2024-12-23 13:21:43,981 - User - INFO - StudentsAffairs classes created.
2024-12-23 13:21:43,982 - User - INFO - Lecturer classes created.
2024-12-23 13:21:43,982 - User - INFO - Classroom classes created.
2024-12-23 13:21:43,982 - User - INFO - The get_capacity method in the Classroom class is called.
2024-12-23 13:21:43,982 - User - INFO - The get_capacity method in the Classroom class is called.
2024-12-23 13:21:43,982 - User - INFO - The get_capacity method in the Classroom class is called.
2024-12-23 13:21:43,982 - User - INFO - Lecturer classes created.
2024-12-23 13:21:43,982 - User - INFO - Classroom classes created.
2024-12-23 13:21:43,982 - User - INFO - The get_capacity method in the Classroom class is called.
2024-12-23 13:21:43,982 - User - INFO - The get_capacity method in the Classroom class is called.
2024-12-23 13:21:43,982 - User - INFO - The get_capacity method in the Classroom class is called.
2024-12-23 13:21:43,982 - Main - INFO - Staff ID counter changed
2024-12-23 13:21:43,982 - User - INFO - Admin classes created.
2024-12-23 13:21:43,982 - Main - INFO - All users added to the system
2024-12-23 13:21:43,983 - Main - INFO - Program started
2024-12-23 13:21:43,983 - Main - INFO - Start menu opened
2024-12-23 13:27:52,386 - User - INFO - Student classes created.
2024-12-23 13:27:52,387 - User - INFO - Advisor classes created.
2024-12-23 13:27:52,387 - User - INFO - Lecturer classes created.
2024-12-23 13:27:52,388 - User - INFO - DepartmentScheduler classes created.
2024-12-23 13:27:52,389 - User - INFO - DepartmentHead classes created.
2024-12-23 13:27:52,390 - User - INFO - StudentsAffairs classes created.
2024-12-23 13:27:52,391 - User - INFO - CourseInformation classes created.
2024-12-23 13:27:52,391 - User - INFO - CourseRequirements classes created.
2024-12-23 13:27:52,391 - User - INFO - Lecturer classes created.
2024-12-23 13:27:52,391 - User - INFO - Classroom classes created.
2024-12-23 13:27:52,391 - User - INFO - CourseSection classes created.
2024-12-23 13:27:52,391 - User - INFO - The get_capacity method in the Classroom class is called.
2024-12-23 13:27:52,391 - User - INFO - Course classes created.
2024-12-23 13:27:52,391 - User - INFO - The get_capacity method in the Classroom class is called.
2024-12-23 13:27:52,391 - User - INFO - The get_capacity method in the Classroom class is called.
2024-12-23 13:27:52,391 - User - INFO - CourseInformation classes created.
2024-12-23 13:27:52,391 - User - INFO - CourseRequirements classes created.
2024-12-23 13:27:52,392 - User - INFO - Lecturer classes created.
2024-12-23 13:27:52,392 - User - INFO - Classroom classes created.
2024-12-23 13:27:52,392 - User - INFO - CourseSection classes created.
2024-12-23 13:27:52,392 - User - INFO - The get_capacity method in the Classroom class is called.
2024-12-23 13:27:52,392 - User - INFO - Course classes created.
2024-12-23 13:27:52,392 - User - INFO - The get_capacity method in the Classroom class is called.
2024-12-23 13:27:52,392 - User - INFO - The get_capacity method in the Classroom class is called.
2024-12-23 13:27:52,392 - User - INFO - The getCourseName method in the Course class is called.
2024-12-23 13:27:52,394 - User - INFO - The getCourseName method in the CourseInformation class is called.
2024-12-23 13:27:52,394 - User - INFO - The getCourseName method in the Course class is called.
2024-12-23 13:27:52,394 - User - INFO - The getCourseName method in the CourseInformation class is called.
2024-12-23 13:27:52,394 - Main - INFO - Staff ID counter changed
2024-12-23 13:27:52,394 - User - INFO - Admin classes created.
2024-12-23 13:27:52,394 - Main - INFO - All users added to the system
2024-12-23 13:27:52,394 - Main - INFO - Program started
2024-12-23 13:27:52,394 - Main - INFO - Start menu opened
2024-12-23 13:29:28,332 - CourseRegistrationService - INFO - CourseRegistrationService classes created.
2024-12-23 13:29:28,333 - User - INFO - Student classes created.
2024-12-23 13:29:28,334 - User - INFO - Advisor classes created.
2024-12-23 13:29:28,334 - User - INFO - Lecturer classes created.
2024-12-23 13:29:28,335 - User - INFO - DepartmentScheduler classes created.
2024-12-23 13:29:28,335 - User - INFO - DepartmentHead classes created.
2024-12-23 13:29:28,336 - User - INFO - StudentsAffairs classes created.
2024-12-23 13:29:28,337 - Course - INFO - CourseInformation classes created.
2024-12-23 13:29:28,337 - Course - INFO - CourseRequirements classes created.
2024-12-23 13:29:28,337 - User - INFO - Lecturer classes created.
2024-12-23 13:29:28,337 - User - INFO - Classroom classes created.
2024-12-23 13:29:28,337 - Course - INFO - CourseSection classes created.
2024-12-23 13:29:28,337 - User - INFO - The get_capacity method in the Classroom class is called.
2024-12-23 13:29:28,337 - Course - INFO - Course classes created.
2024-12-23 13:29:28,337 - User - INFO - The get_capacity method in the Classroom class is called.
2024-12-23 13:29:28,337 - User - INFO - The get_capacity method in the Classroom class is called.
2024-12-23 13:29:28,337 - Course - INFO - CourseInformation classes created.
2024-12-23 13:29:28,337 - Course - INFO - CourseRequirements classes created.
2024-12-23 13:29:28,337 - User - INFO - Lecturer classes created.
2024-12-23 13:29:28,337 - User - INFO - Classroom classes created.
2024-12-23 13:29:28,337 - Course - INFO - CourseSection classes created.
2024-12-23 13:29:28,337 - User - INFO - The get_capacity method in the Classroom class is called.
2024-12-23 13:29:28,337 - Course - INFO - Course classes created.
2024-12-23 13:29:28,337 - User - INFO - The get_capacity method in the Classroom class is called.
2024-12-23 13:29:28,338 - User - INFO - The get_capacity method in the Classroom class is called.
2024-12-23 13:29:28,338 - Course - INFO - The getCourseName method in the Course class is called.
2024-12-23 13:29:28,338 - Course - INFO - The getCourseName method in the CourseInformation class is called.
2024-12-23 13:29:28,338 - Course - INFO - The getCourseName method in the Course class is called.
2024-12-23 13:29:28,338 - Course - INFO - The getCourseName method in the CourseInformation class is called.
2024-12-23 13:29:28,338 - Main - INFO - Staff ID counter changed
2024-12-23 13:29:28,338 - User - INFO - Admin classes created.
2024-12-23 13:29:28,338 - Main - INFO - All users added to the system
2024-12-23 13:29:28,338 - Main - INFO - Program started
2024-12-23 13:29:28,338 - Main - INFO - Start menu opened
2024-12-23 13:33:53,723 - LoginAuthService - INFO - LoginAuthService classes created.
2024-12-23 13:33:53,724 - CourseRegistrationService - INFO - CourseRegistrationService classes created.
2024-12-23 13:33:53,725 - Department - INFO - DepartmentID classes created.
2024-12-23 13:33:53,725 - Faculty - INFO - FacultyID classes created.
2024-12-23 13:33:53,725 - Department - INFO - Department classes created.
2024-12-23 13:33:53,726 - Department - INFO - DepartmentID classes created.
2024-12-23 13:33:53,726 - Faculty - INFO - FacultyID classes created.
2024-12-23 13:33:53,726 - Department - INFO - The getDepartmentID method in the DepartmentID class is called.
2024-12-23 13:33:53,726 - Department - INFO - DepartmentID classes created.
2024-12-23 13:33:53,727 - Faculty - INFO - FacultyID classes created.
2024-12-23 13:33:53,727 - Department - INFO - The getDepartmentID method in the DepartmentID class is called.
2024-12-23 13:33:53,727 - User - INFO - Student classes created.
2024-12-23 13:33:53,728 - User - INFO - Advisor classes created.
2024-12-23 13:33:53,729 - User - INFO - Lecturer classes created.
2024-12-23 13:33:53,730 - User - INFO - DepartmentScheduler classes created.
2024-12-23 13:33:53,731 - User - INFO - DepartmentHead classes created.
2024-12-23 13:33:53,731 - User - INFO - StudentsAffairs classes created.
2024-12-23 13:33:53,733 - Course - INFO - CourseInformation classes created.
2024-12-23 13:33:53,733 - Faculty - INFO - FacultyID classes created.
2024-12-23 13:33:53,733 - Department - INFO - DepartmentID classes created.
2024-12-23 13:33:53,733 - Course - INFO - CourseRequirements classes created.
2024-12-23 13:33:53,733 - User - INFO - Lecturer classes created.
2024-12-23 13:33:53,733 - User - INFO - Classroom classes created.
2024-12-23 13:33:53,733 - Course - INFO - CourseSection classes created.
2024-12-23 13:33:53,733 - User - INFO - The get_capacity method in the Classroom class is called.
2024-12-23 13:33:53,734 - Course - INFO - Course classes created.
2024-12-23 13:33:53,734 - User - INFO - The get_capacity method in the Classroom class is called.
2024-12-23 13:33:53,734 - User - INFO - The get_capacity method in the Classroom class is called.
2024-12-23 13:33:53,734 - Course - INFO - CourseInformation classes created.
2024-12-23 13:33:53,735 - Faculty - INFO - FacultyID classes created.
2024-12-23 13:33:53,735 - Department - INFO - DepartmentID classes created.
2024-12-23 13:33:53,735 - Course - INFO - CourseRequirements classes created.
2024-12-23 13:33:53,735 - User - INFO - Lecturer classes created.
2024-12-23 13:33:53,735 - User - INFO - Classroom classes created.
2024-12-23 13:33:53,735 - Course - INFO - CourseSection classes created.
2024-12-23 13:33:53,735 - User - INFO - The get_capacity method in the Classroom class is called.
2024-12-23 13:33:53,736 - Course - INFO - Course classes created.
2024-12-23 13:33:53,736 - User - INFO - The get_capacity method in the Classroom class is called.
2024-12-23 13:33:53,736 - User - INFO - The get_capacity method in the Classroom class is called.
2024-12-23 13:33:53,736 - Course - INFO - The getCourseName method in the Course class is called.
2024-12-23 13:33:53,736 - Course - INFO - The getCourseName method in the CourseInformation class is called.
2024-12-23 13:33:53,736 - Course - INFO - The getCourseName method in the Course class is called.
2024-12-23 13:33:53,736 - Course - INFO - The getCourseName method in the CourseInformation class is called.
2024-12-23 13:33:53,736 - Main - INFO - Staff ID counter changed
2024-12-23 13:33:53,736 - User - INFO - Admin classes created.
2024-12-23 13:33:53,736 - Main - INFO - All users added to the system
2024-12-23 13:33:53,736 - Department - INFO - The getDepartmentID method in the Department class is called.
2024-12-23 13:33:53,737 - Department - INFO - The getDepartmentID method in the DepartmentID class is called.
2024-12-23 13:33:53,737 - Main - INFO - Program started
2024-12-23 13:33:53,737 - Main - INFO - Start menu opened
2024-12-23 13:43:04,004 - LoginAuthService - INFO - LoginAuthService classes created.
2024-12-23 13:43:04,004 - CourseRegistrationService - INFO - CourseRegistrationService classes created.
2024-12-23 13:43:04,005 - Department - INFO - DepartmentID classes created.
2024-12-23 13:43:04,006 - Faculty - INFO - FacultyID classes created.
2024-12-23 13:43:04,006 - Department - INFO - Department classes created.
2024-12-23 13:43:04,006 - UserInformation - INFO - UserInformation classes created.
2024-12-23 13:43:04,007 - Department - INFO - DepartmentID classes created.
2024-12-23 13:43:04,007 - Faculty - INFO - FacultyID classes created.
2024-12-23 13:43:04,007 - Student - INFO - StudentID classes created.
2024-12-23 13:43:04,007 - Student - INFO - Creating student ID in StudentID class.
2024-12-23 13:43:04,007 - Department - INFO - The getDepartmentID method in the DepartmentID class is called.
2024-12-23 13:43:04,007 - Department - INFO - DepartmentID classes created.
2024-12-23 13:43:04,007 - Faculty - INFO - FacultyID classes created.
2024-12-23 13:43:04,007 - Student - INFO - StudentID classes created.
2024-12-23 13:43:04,007 - Student - INFO - Creating student ID in StudentID class.
2024-12-23 13:43:04,007 - Department - INFO - The getDepartmentID method in the DepartmentID class is called.
2024-12-23 13:43:04,007 - Transcript - INFO - Transcript classes created.
2024-12-23 13:43:04,007 - Transcript - INFO - Adding taken courses to the transcript.
2024-12-23 13:43:04,007 - Transcript - INFO - Calculating GPA.
2024-12-23 13:43:04,007 - Transcript - INFO - Calculating GPA.
2024-12-23 13:43:04,007 - User - INFO - StaffId classes created.
2024-12-23 13:43:04,007 - User - INFO - The _generateStaffId method in the StaffId class is called.
2024-12-23 13:43:04,007 - Student - INFO - Student classes created.
2024-12-23 13:43:04,007 - User - INFO - Student classes created.
2024-12-23 13:43:04,009 - UserInformation - INFO - UserInformation classes created.
2024-12-23 13:43:04,009 - User - INFO - Advisor classes created.
2024-12-23 13:43:04,009 - User - INFO - Advisor classes created.
2024-12-23 13:43:04,009 - User - INFO - Advisor classes created.
2024-12-23 13:43:04,009 - User - INFO - Advisor classes created.
2024-12-23 13:43:04,009 - User - INFO - StaffId classes created.
2024-12-23 13:43:04,009 - User - INFO - The _generateStaffId method in the StaffId class is called.
2024-12-23 13:43:04,009 - User - INFO - StaffId classes created.
2024-12-23 13:43:04,009 - User - INFO - The _generateStaffId method in the StaffId class is called.
2024-12-23 13:43:04,009 - UserInformation - INFO - UserInformation classes created.
2024-12-23 13:43:04,009 - User - INFO - Lecturer classes created.
2024-12-23 13:43:04,009 - User - INFO - Lecturer classes created.
2024-12-23 13:43:04,009 - User - INFO - Lecturer classes created.
2024-12-23 13:43:04,009 - User - INFO - StaffId classes created.
2024-12-23 13:43:04,010 - User - INFO - The _generateStaffId method in the StaffId class is called.
2024-12-23 13:43:04,010 - User - INFO - StaffId classes created.
2024-12-23 13:43:04,010 - User - INFO - The _generateStaffId method in the StaffId class is called.
2024-12-23 13:43:04,011 - UserInformation - INFO - UserInformation classes created.
2024-12-23 13:43:04,011 - User - INFO - DepartmentScheduler classes created.
2024-12-23 13:43:04,011 - User - INFO - DepartmentScheduler classes created.
2024-12-23 13:43:04,011 - User - INFO - DepartmentScheduler classes created.
2024-12-23 13:43:04,011 - User - INFO - StaffId classes created.
2024-12-23 13:43:04,011 - User - INFO - The _generateStaffId method in the StaffId class is called.
2024-12-23 13:43:04,011 - User - INFO - StaffId classes created.
2024-12-23 13:43:04,011 - User - INFO - The _generateStaffId method in the StaffId class is called.
2024-12-23 13:43:04,011 - UserInformation - INFO - UserInformation classes created.
2024-12-23 13:43:04,011 - User - INFO - DepartmentHead classes created.
2024-12-23 13:43:04,011 - User - INFO - DepartmentHead classes created.
2024-12-23 13:43:04,011 - User - INFO - DepartmentHead classes created.
2024-12-23 13:43:04,012 - User - INFO - StaffId classes created.
2024-12-23 13:43:04,012 - User - INFO - The _generateStaffId method in the StaffId class is called.
2024-12-23 13:43:04,012 - User - INFO - StaffId classes created.
2024-12-23 13:43:04,012 - User - INFO - The _generateStaffId method in the StaffId class is called.
2024-12-23 13:43:04,013 - UserInformation - INFO - UserInformation classes created.
2024-12-23 13:43:04,013 - User - INFO - StudentsAffairs classes created.
2024-12-23 13:43:04,013 - User - INFO - StudentsAffairs classes created.
2024-12-23 13:43:04,013 - User - INFO - StudentsAffairs classes created.
2024-12-23 13:43:04,013 - User - INFO - StaffId classes created.
2024-12-23 13:43:04,014 - User - INFO - The _generateStaffId method in the StaffId class is called.
2024-12-23 13:43:04,014 - User - INFO - StaffId classes created.
2024-12-23 13:43:04,014 - User - INFO - The _generateStaffId method in the StaffId class is called.
2024-12-23 13:43:04,015 - Course - INFO - CourseInformation classes created.
2024-12-23 13:43:04,015 - Faculty - INFO - FacultyID classes created.
2024-12-23 13:43:04,015 - Department - INFO - DepartmentID classes created.
2024-12-23 13:43:04,015 - Course - INFO - CourseRequirements classes created.
2024-12-23 13:43:04,015 - UserInformation - INFO - UserInformation classes created.
2024-12-23 13:43:04,015 - User - INFO - Lecturer classes created.
2024-12-23 13:43:04,015 - User - INFO - Lecturer classes created.
2024-12-23 13:43:04,015 - User - INFO - Lecturer classes created.
2024-12-23 13:43:04,016 - User - INFO - StaffId classes created.
2024-12-23 13:43:04,016 - User - INFO - The _generateStaffId method in the StaffId class is called.
2024-12-23 13:43:04,016 - User - INFO - StaffId classes created.
2024-12-23 13:43:04,016 - User - INFO - The _generateStaffId method in the StaffId class is called.
2024-12-23 13:43:04,016 - Classroom - INFO - Classroom classes created.
2024-12-23 13:43:04,016 - Course - INFO - CourseSection classes created.
2024-12-23 13:43:04,016 - Classroom - INFO - The get_capacity method in the Classroom class is called.
2024-12-23 13:43:04,016 - Course - INFO - Course classes created.
2024-12-23 13:43:04,016 - Classroom - INFO - The get_capacity method in the Classroom class is called.
2024-12-23 13:43:04,016 - Classroom - INFO - The get_capacity method in the Classroom class is called.
2024-12-23 13:43:04,016 - Course - INFO - CourseInformation classes created.
2024-12-23 13:43:04,016 - Faculty - INFO - FacultyID classes created.
2024-12-23 13:43:04,016 - Department - INFO - DepartmentID classes created.
2024-12-23 13:43:04,017 - Course - INFO - CourseRequirements classes created.
2024-12-23 13:43:04,017 - UserInformation - INFO - UserInformation classes created.
2024-12-23 13:43:04,017 - User - INFO - Lecturer classes created.
2024-12-23 13:43:04,017 - User - INFO - Lecturer classes created.
2024-12-23 13:43:04,017 - User - INFO - Lecturer classes created.
2024-12-23 13:43:04,017 - User - INFO - StaffId classes created.
2024-12-23 13:43:04,017 - User - INFO - The _generateStaffId method in the StaffId class is called.
2024-12-23 13:43:04,017 - User - INFO - StaffId classes created.
2024-12-23 13:43:04,017 - User - INFO - The _generateStaffId method in the StaffId class is called.
2024-12-23 13:43:04,017 - Classroom - INFO - Classroom classes created.
2024-12-23 13:43:04,017 - Course - INFO - CourseSection classes created.
2024-12-23 13:43:04,017 - Classroom - INFO - The get_capacity method in the Classroom class is called.
2024-12-23 13:43:04,017 - Course - INFO - Course classes created.
2024-12-23 13:43:04,017 - Classroom - INFO - The get_capacity method in the Classroom class is called.
2024-12-23 13:43:04,017 - Classroom - INFO - The get_capacity method in the Classroom class is called.
2024-12-23 13:43:04,017 - Course - INFO - The getCourseName method in the Course class is called.
2024-12-23 13:43:04,017 - Course - INFO - The getCourseName method in the CourseInformation class is called.
2024-12-23 13:43:04,017 - Course - INFO - The getCourseName method in the Course class is called.
2024-12-23 13:43:04,019 - Course - INFO - The getCourseName method in the CourseInformation class is called.
2024-12-23 13:43:04,019 - User - INFO - The get_staffId method in the Advisor class is called.
2024-12-23 13:43:04,019 - User - INFO - The get_staff_id method in the StaffId class is called.
2024-12-23 13:43:04,019 - User - INFO - The get_staffId method in the Advisor class is called.
2024-12-23 13:43:04,019 - User - INFO - The get_staff_id method in the StaffId class is called.
2024-12-23 13:43:04,019 - User - INFO - The get_staffId method in the Lecturer class is called.
2024-12-23 13:43:04,019 - User - INFO - The get_staff_id method in the StaffId class is called.
2024-12-23 13:43:04,019 - User - INFO - The get_staffId method in the Lecturer class is called.
2024-12-23 13:43:04,019 - User - INFO - The get_staff_id method in the StaffId class is called.
2024-12-23 13:43:04,019 - User - INFO - The get_staffId method in the DepartmentScheduler class is called.
2024-12-23 13:43:04,019 - User - INFO - The get_staff_id method in the StaffId class is called.
2024-12-23 13:43:04,019 - User - INFO - The get_staffId method in the DepartmentScheduler class is called.
2024-12-23 13:43:04,019 - User - INFO - The get_staff_id method in the StaffId class is called.
2024-12-23 13:43:04,019 - User - INFO - The get_staffId method in the StudentsAffairs class is called.
2024-12-23 13:43:04,019 - User - INFO - The get_staff_id method in the StaffId class is called.
2024-12-23 13:43:04,021 - User - INFO - The changeStaticCounter method in the type class is called.
2024-12-23 13:43:04,021 - Main - INFO - Staff ID counter changed
2024-12-23 13:43:04,021 - UserInformation - INFO - UserInformation classes created.
2024-12-23 13:43:04,021 - User - INFO - Admin classes created.
2024-12-23 13:43:04,021 - User - INFO - Admin classes created.
2024-12-23 13:43:04,021 - User - INFO - Admin classes created.
2024-12-23 13:43:04,021 - User - INFO - StaffId classes created.
2024-12-23 13:43:04,021 - User - INFO - The _generateStaffId method in the StaffId class is called.
2024-12-23 13:43:04,021 - Main - INFO - All users added to the system
2024-12-23 13:43:04,021 - User - INFO - The get_departmentId method in the Lecturer class is called.
2024-12-23 13:43:04,021 - User - INFO - The get_departmentId method in the Lecturer class is called.
2024-12-23 13:43:04,021 - Department - INFO - The getDepartmentID method in the Department class is called.
2024-12-23 13:43:04,021 - Department - INFO - The getDepartmentID method in the DepartmentID class is called.
2024-12-23 13:43:04,021 - Main - INFO - Program started
2024-12-23 13:43:04,021 - Main - INFO - Start menu opened
2024-12-23 13:45:28,347 - DataManagement - INFO - DataManagement classes created.
2024-12-23 13:45:28,347 - LoginAuthService - INFO - LoginAuthService classes created.
2024-12-23 13:45:28,360 - CourseRegistrationService - INFO - CourseRegistrationService classes created.
2024-12-23 13:45:28,360 - DataManagement - INFO - Getting all JSON files from C:\Users\omery\PycharmProjects\CSE3063F24P1_GRP11\Facultys
2024-12-23 13:45:28,360 - DataManagement - INFO - Loaded dict from JSON
2024-12-23 13:45:28,360 - DataManagement - INFO - Got all JSON files from C:\Users\omery\PycharmProjects\CSE3063F24P1_GRP11\Facultys
2024-12-23 13:45:28,361 - DataManagement - INFO - Getting all JSON files from C:\Users\omery\PycharmProjects\CSE3063F24P1_GRP11\Departments
2024-12-23 13:45:28,361 - DataManagement - INFO - Loaded dict from JSON
2024-12-23 13:45:28,361 - DataManagement - INFO - Got all JSON files from C:\Users\omery\PycharmProjects\CSE3063F24P1_GRP11\Departments
2024-12-23 13:45:28,361 - Department - INFO - DepartmentID classes created.
2024-12-23 13:45:28,361 - Faculty - INFO - FacultyID classes created.
2024-12-23 13:45:28,361 - Department - INFO - Department classes created.
2024-12-23 13:45:28,362 - DataManagement - INFO - Getting all JSON files from C:\Users\omery\PycharmProjects\CSE3063F24P1_GRP11\Students
2024-12-23 13:45:28,367 - DataManagement - INFO - Loaded dict from JSON
2024-12-23 13:45:28,367 - DataManagement - INFO - Got all JSON files from C:\Users\omery\PycharmProjects\CSE3063F24P1_GRP11\Students
2024-12-23 13:45:28,367 - UserInformation - INFO - UserInformation classes created.
2024-12-23 13:45:28,367 - Department - INFO - DepartmentID classes created.
2024-12-23 13:45:28,367 - Faculty - INFO - FacultyID classes created.
2024-12-23 13:45:28,367 - Student - INFO - StudentID classes created.
2024-12-23 13:45:28,367 - Student - INFO - Creating student ID in StudentID class.
2024-12-23 13:45:28,367 - Department - INFO - The getDepartmentID method in the DepartmentID class is called.
2024-12-23 13:45:28,367 - Department - INFO - DepartmentID classes created.
2024-12-23 13:45:28,367 - Faculty - INFO - FacultyID classes created.
2024-12-23 13:45:28,367 - Student - INFO - StudentID classes created.
2024-12-23 13:45:28,369 - Student - INFO - Creating student ID in StudentID class.
2024-12-23 13:45:28,369 - Department - INFO - The getDepartmentID method in the DepartmentID class is called.
2024-12-23 13:45:28,369 - Transcript - INFO - Transcript classes created.
2024-12-23 13:45:28,369 - Transcript - INFO - Adding taken courses to the transcript.
2024-12-23 13:45:28,369 - Transcript - INFO - Calculating GPA.
2024-12-23 13:45:28,369 - Transcript - INFO - Calculating GPA.
2024-12-23 13:45:28,369 - User - INFO - StaffId classes created.
2024-12-23 13:45:28,369 - User - INFO - The _generateStaffId method in the StaffId class is called.
2024-12-23 13:45:28,370 - Student - INFO - Student classes created.
2024-12-23 13:45:28,370 - User - INFO - Student classes created.
2024-12-23 13:45:28,370 - DataManagement - INFO - Getting all JSON files from C:\Users\omery\PycharmProjects\CSE3063F24P1_GRP11\Advisors
2024-12-23 13:45:28,370 - DataManagement - INFO - Loaded dict from JSON
2024-12-23 13:45:28,370 - DataManagement - INFO - Got all JSON files from C:\Users\omery\PycharmProjects\CSE3063F24P1_GRP11\Advisors
2024-12-23 13:45:28,370 - UserInformation - INFO - UserInformation classes created.
2024-12-23 13:45:28,370 - User - INFO - Advisor classes created.
2024-12-23 13:45:28,371 - User - INFO - Advisor classes created.
2024-12-23 13:45:28,371 - User - INFO - Advisor classes created.
2024-12-23 13:45:28,371 - User - INFO - Advisor classes created.
2024-12-23 13:45:28,371 - User - INFO - StaffId classes created.
2024-12-23 13:45:28,371 - User - INFO - The _generateStaffId method in the StaffId class is called.
2024-12-23 13:45:28,371 - User - INFO - StaffId classes created.
2024-12-23 13:45:28,371 - User - INFO - The _generateStaffId method in the StaffId class is called.
2024-12-23 13:45:28,371 - DataManagement - INFO - Getting all JSON files from C:\Users\omery\PycharmProjects\CSE3063F24P1_GRP11\Lecturers
2024-12-23 13:45:28,371 - DataManagement - INFO - Loaded dict from JSON
2024-12-23 13:45:28,372 - DataManagement - INFO - Got all JSON files from C:\Users\omery\PycharmProjects\CSE3063F24P1_GRP11\Lecturers
2024-12-23 13:45:28,372 - UserInformation - INFO - UserInformation classes created.
2024-12-23 13:45:28,372 - User - INFO - Lecturer classes created.
2024-12-23 13:45:28,372 - User - INFO - Lecturer classes created.
2024-12-23 13:45:28,372 - User - INFO - Lecturer classes created.
2024-12-23 13:45:28,372 - User - INFO - StaffId classes created.
2024-12-23 13:45:28,372 - User - INFO - The _generateStaffId method in the StaffId class is called.
2024-12-23 13:45:28,372 - User - INFO - StaffId classes created.
2024-12-23 13:45:28,372 - User - INFO - The _generateStaffId method in the StaffId class is called.
2024-12-23 13:45:28,372 - DataManagement - INFO - Getting all JSON files from C:\Users\omery\PycharmProjects\CSE3063F24P1_GRP11\DepartmentSchedulers
2024-12-23 13:45:28,373 - DataManagement - INFO - Loaded dict from JSON
2024-12-23 13:45:28,373 - DataManagement - INFO - Got all JSON files from C:\Users\omery\PycharmProjects\CSE3063F24P1_GRP11\DepartmentSchedulers
2024-12-23 13:45:28,373 - UserInformation - INFO - UserInformation classes created.
2024-12-23 13:45:28,373 - User - INFO - DepartmentScheduler classes created.
2024-12-23 13:45:28,373 - User - INFO - DepartmentScheduler classes created.
2024-12-23 13:45:28,373 - User - INFO - DepartmentScheduler classes created.
2024-12-23 13:45:28,373 - User - INFO - StaffId classes created.
2024-12-23 13:45:28,373 - User - INFO - The _generateStaffId method in the StaffId class is called.
2024-12-23 13:45:28,374 - User - INFO - StaffId classes created.
2024-12-23 13:45:28,374 - User - INFO - The _generateStaffId method in the StaffId class is called.
2024-12-23 13:45:28,374 - DataManagement - INFO - Getting all JSON files from C:\Users\omery\PycharmProjects\CSE3063F24P1_GRP11\DepartmentHeads
2024-12-23 13:45:28,374 - DataManagement - INFO - Loaded dict from JSON
2024-12-23 13:45:28,374 - DataManagement - INFO - Got all JSON files from C:\Users\omery\PycharmProjects\CSE3063F24P1_GRP11\DepartmentHeads
2024-12-23 13:45:28,374 - UserInformation - INFO - UserInformation classes created.
2024-12-23 13:45:28,375 - User - INFO - DepartmentHead classes created.
2024-12-23 13:45:28,375 - User - INFO - DepartmentHead classes created.
2024-12-23 13:45:28,375 - User - INFO - DepartmentHead classes created.
2024-12-23 13:45:28,375 - User - INFO - StaffId classes created.
2024-12-23 13:45:28,375 - User - INFO - The _generateStaffId method in the StaffId class is called.
2024-12-23 13:45:28,375 - User - INFO - StaffId classes created.
2024-12-23 13:45:28,375 - User - INFO - The _generateStaffId method in the StaffId class is called.
2024-12-23 13:45:28,375 - DataManagement - INFO - Getting all JSON files from C:\Users\omery\PycharmProjects\CSE3063F24P1_GRP11\StudentsAffairss
2024-12-23 13:45:28,376 - DataManagement - INFO - Loaded dict from JSON
2024-12-23 13:45:28,376 - DataManagement - INFO - Got all JSON files from C:\Users\omery\PycharmProjects\CSE3063F24P1_GRP11\StudentsAffairss
2024-12-23 13:45:28,376 - UserInformation - INFO - UserInformation classes created.
2024-12-23 13:45:28,376 - User - INFO - StudentsAffairs classes created.
2024-12-23 13:45:28,376 - User - INFO - StudentsAffairs classes created.
2024-12-23 13:45:28,376 - User - INFO - StudentsAffairs classes created.
2024-12-23 13:45:28,377 - User - INFO - StaffId classes created.
2024-12-23 13:45:28,377 - User - INFO - The _generateStaffId method in the StaffId class is called.
2024-12-23 13:45:28,377 - User - INFO - StaffId classes created.
2024-12-23 13:45:28,377 - User - INFO - The _generateStaffId method in the StaffId class is called.
2024-12-23 13:45:28,377 - DataManagement - INFO - Getting all JSON files from C:\Users\omery\PycharmProjects\CSE3063F24P1_GRP11\Courses
2024-12-23 13:45:28,377 - DataManagement - INFO - Loaded dict from JSON
2024-12-23 13:45:28,377 - DataManagement - INFO - Loaded dict from JSON
2024-12-23 13:45:28,379 - DataManagement - INFO - Got all JSON files from C:\Users\omery\PycharmProjects\CSE3063F24P1_GRP11\Courses
2024-12-23 13:45:28,379 - Course - INFO - CourseInformation classes created.
2024-12-23 13:45:28,379 - Faculty - INFO - FacultyID classes created.
2024-12-23 13:45:28,379 - Department - INFO - DepartmentID classes created.
2024-12-23 13:45:28,379 - Course - INFO - CourseRequirements classes created.
2024-12-23 13:45:28,379 - UserInformation - INFO - UserInformation classes created.
2024-12-23 13:45:28,379 - User - INFO - Lecturer classes created.
2024-12-23 13:45:28,379 - User - INFO - Lecturer classes created.
2024-12-23 13:45:28,379 - User - INFO - Lecturer classes created.
2024-12-23 13:45:28,379 - User - INFO - StaffId classes created.
2024-12-23 13:45:28,379 - User - INFO - The _generateStaffId method in the StaffId class is called.
2024-12-23 13:45:28,379 - User - INFO - StaffId classes created.
2024-12-23 13:45:28,379 - User - INFO - The _generateStaffId method in the StaffId class is called.
2024-12-23 13:45:28,380 - Classroom - INFO - Classroom classes created.
2024-12-23 13:45:28,380 - Course - INFO - CourseSection classes created.
2024-12-23 13:45:28,380 - Classroom - INFO - The get_capacity method in the Classroom class is called.
2024-12-23 13:45:28,380 - Course - INFO - Course classes created.
2024-12-23 13:45:28,380 - Classroom - INFO - The get_capacity method in the Classroom class is called.
2024-12-23 13:45:28,380 - Classroom - INFO - The get_capacity method in the Classroom class is called.
2024-12-23 13:45:28,380 - Course - INFO - CourseInformation classes created.
2024-12-23 13:45:28,380 - Faculty - INFO - FacultyID classes created.
2024-12-23 13:45:28,380 - Department - INFO - DepartmentID classes created.
2024-12-23 13:45:28,380 - Course - INFO - CourseRequirements classes created.
2024-12-23 13:45:28,380 - UserInformation - INFO - UserInformation classes created.
2024-12-23 13:45:28,380 - User - INFO - Lecturer classes created.
2024-12-23 13:45:28,380 - User - INFO - Lecturer classes created.
2024-12-23 13:45:28,380 - User - INFO - Lecturer classes created.
2024-12-23 13:45:28,380 - User - INFO - StaffId classes created.
2024-12-23 13:45:28,380 - User - INFO - The _generateStaffId method in the StaffId class is called.
2024-12-23 13:45:28,380 - User - INFO - StaffId classes created.
2024-12-23 13:45:28,380 - User - INFO - The _generateStaffId method in the StaffId class is called.
2024-12-23 13:45:28,381 - Classroom - INFO - Classroom classes created.
2024-12-23 13:45:28,381 - Course - INFO - CourseSection classes created.
2024-12-23 13:45:28,381 - Classroom - INFO - The get_capacity method in the Classroom class is called.
2024-12-23 13:45:28,381 - Course - INFO - Course classes created.
2024-12-23 13:45:28,381 - Classroom - INFO - The get_capacity method in the Classroom class is called.
2024-12-23 13:45:28,381 - Classroom - INFO - The get_capacity method in the Classroom class is called.
2024-12-23 13:45:28,381 - Course - INFO - The getCourseName method in the Course class is called.
2024-12-23 13:45:28,381 - Course - INFO - The getCourseName method in the CourseInformation class is called.
2024-12-23 13:45:28,381 - Course - INFO - The getCourseName method in the Course class is called.
2024-12-23 13:45:28,381 - Course - INFO - The getCourseName method in the CourseInformation class is called.
2024-12-23 13:45:28,381 - User - INFO - The get_staffId method in the Advisor class is called.
2024-12-23 13:45:28,381 - User - INFO - The get_staff_id method in the StaffId class is called.
2024-12-23 13:45:28,381 - User - INFO - The get_staffId method in the Advisor class is called.
2024-12-23 13:45:28,381 - User - INFO - The get_staff_id method in the StaffId class is called.
2024-12-23 13:45:28,382 - User - INFO - The get_staffId method in the Lecturer class is called.
2024-12-23 13:45:28,382 - User - INFO - The get_staff_id method in the StaffId class is called.
2024-12-23 13:45:28,382 - User - INFO - The get_staffId method in the Lecturer class is called.
2024-12-23 13:45:28,382 - User - INFO - The get_staff_id method in the StaffId class is called.
2024-12-23 13:45:28,382 - User - INFO - The get_staffId method in the DepartmentScheduler class is called.
2024-12-23 13:45:28,382 - User - INFO - The get_staff_id method in the StaffId class is called.
2024-12-23 13:45:28,382 - User - INFO - The get_staffId method in the DepartmentScheduler class is called.
2024-12-23 13:45:28,382 - User - INFO - The get_staff_id method in the StaffId class is called.
2024-12-23 13:45:28,383 - User - INFO - The get_staffId method in the StudentsAffairs class is called.
2024-12-23 13:45:28,383 - User - INFO - The get_staff_id method in the StaffId class is called.
2024-12-23 13:45:28,383 - User - INFO - The changeStaticCounter method in the type class is called.
2024-12-23 13:45:28,383 - Main - INFO - Staff ID counter changed
2024-12-23 13:45:28,383 - UserInformation - INFO - UserInformation classes created.
2024-12-23 13:45:28,383 - User - INFO - Admin classes created.
2024-12-23 13:45:28,383 - User - INFO - Admin classes created.
2024-12-23 13:45:28,383 - User - INFO - Admin classes created.
2024-12-23 13:45:28,383 - User - INFO - StaffId classes created.
2024-12-23 13:45:28,383 - User - INFO - The _generateStaffId method in the StaffId class is called.
2024-12-23 13:45:28,383 - Main - INFO - All users added to the system
2024-12-23 13:45:28,384 - User - INFO - The get_departmentId method in the Lecturer class is called.
2024-12-23 13:45:28,384 - User - INFO - The get_departmentId method in the Lecturer class is called.
2024-12-23 13:45:28,384 - Department - INFO - The getDepartmentID method in the Department class is called.
2024-12-23 13:45:28,384 - Department - INFO - The getDepartmentID method in the DepartmentID class is called.
2024-12-23 13:45:28,384 - Main - INFO - Program started
2024-12-23 13:45:28,384 - Main - INFO - Start menu opened
